{"C:\\Users\\prist\\OneDrive\\Documents\\Desktop\\University-Research-Collaboration-Platform-1\\src\\components\\Footer.jsx": {"path":"C:\\Users\\prist\\OneDrive\\Documents\\Desktop\\University-Research-Collaboration-Platform-1\\src\\components\\Footer.jsx","statementMap":{"0":{"start":{"line":3,"column":15},"end":{"line":95,"column":1}},"1":{"start":{"line":4,"column":2},"end":{"line":69,"column":9}},"2":{"start":{"line":5,"column":18},"end":{"line":5,"column":49}},"3":{"start":{"line":6,"column":4},"end":{"line":66,"column":6}},"4":{"start":{"line":67,"column":4},"end":{"line":67,"column":37}},"5":{"start":{"line":68,"column":4},"end":{"line":68,"column":50}},"6":{"start":{"line":68,"column":17},"end":{"line":68,"column":49}},"7":{"start":{"line":71,"column":17},"end":{"line":78,"column":3}},"8":{"start":{"line":80,"column":2},"end":{"line":94,"column":4}}},"fnMap":{"0":{"name":"(anonymous_0)","decl":{"start":{"line":3,"column":15},"end":{"line":3,"column":16}},"loc":{"start":{"line":3,"column":21},"end":{"line":95,"column":1}},"line":3},"1":{"name":"(anonymous_1)","decl":{"start":{"line":4,"column":12},"end":{"line":4,"column":13}},"loc":{"start":{"line":4,"column":18},"end":{"line":69,"column":3}},"line":4},"2":{"name":"(anonymous_2)","decl":{"start":{"line":68,"column":11},"end":{"line":68,"column":12}},"loc":{"start":{"line":68,"column":17},"end":{"line":68,"column":49}},"line":68}},"branchMap":{},"s":{"0":2,"1":16,"2":10,"3":10,"4":10,"5":10,"6":10,"7":16,"8":16},"f":{"0":16,"1":10,"2":10},"b":{},"_coverageSchema":"1a1c01bbd47fc00a2c39e90264f33305004495a9","hash":"0a3ac935a103da2997c5daf94bc750ceba91ddb5"}
,"C:\\Users\\prist\\OneDrive\\Documents\\Desktop\\University-Research-Collaboration-Platform-1\\src\\config\\firebaseConfig.js": {"path":"C:\\Users\\prist\\OneDrive\\Documents\\Desktop\\University-Research-Collaboration-Platform-1\\src\\config\\firebaseConfig.js","statementMap":{"0":{"start":{"line":7,"column":23},"end":{"line":15,"column":1}},"1":{"start":{"line":18,"column":12},"end":{"line":18,"column":41}},"2":{"start":{"line":21,"column":20},"end":{"line":21,"column":32}},"3":{"start":{"line":22,"column":24},"end":{"line":22,"column":48}},"4":{"start":{"line":23,"column":18},"end":{"line":23,"column":35}},"5":{"start":{"line":24,"column":23},"end":{"line":24,"column":38}}},"fnMap":{},"branchMap":{},"s":{"0":1,"1":1,"2":1,"3":1,"4":1,"5":1},"f":{},"b":{},"_coverageSchema":"1a1c01bbd47fc00a2c39e90264f33305004495a9","hash":"32063615214a8e8d436ab8bcab456477da123204"}
,"C:\\Users\\prist\\OneDrive\\Documents\\Desktop\\University-Research-Collaboration-Platform-1\\src\\pages\\LandingPage.jsx": {"path":"C:\\Users\\prist\\OneDrive\\Documents\\Desktop\\University-Research-Collaboration-Platform-1\\src\\pages\\LandingPage.jsx","statementMap":{"0":{"start":{"line":10,"column":2},"end":{"line":17,"column":4}}},"fnMap":{"0":{"name":"LandingPage","decl":{"start":{"line":9,"column":9},"end":{"line":9,"column":20}},"loc":{"start":{"line":9,"column":23},"end":{"line":18,"column":1}},"line":9}},"branchMap":{},"s":{"0":4},"f":{"0":4},"b":{},"_coverageSchema":"1a1c01bbd47fc00a2c39e90264f33305004495a9","hash":"b699707f0de7e92b614f21493e14573e617e297f"}
,"C:\\Users\\prist\\OneDrive\\Documents\\Desktop\\University-Research-Collaboration-Platform-1\\src\\pages\\TermsAndConditions.jsx": {"path":"C:\\Users\\prist\\OneDrive\\Documents\\Desktop\\University-Research-Collaboration-Platform-1\\src\\pages\\TermsAndConditions.jsx","statementMap":{"0":{"start":{"line":10,"column":27},"end":{"line":75,"column":1}},"1":{"start":{"line":11,"column":19},"end":{"line":11,"column":32}},"2":{"start":{"line":13,"column":2},"end":{"line":74,"column":4}},"3":{"start":{"line":16,"column":45},"end":{"line":16,"column":57}}},"fnMap":{"0":{"name":"(anonymous_0)","decl":{"start":{"line":10,"column":27},"end":{"line":10,"column":28}},"loc":{"start":{"line":10,"column":33},"end":{"line":75,"column":1}},"line":10},"1":{"name":"(anonymous_1)","decl":{"start":{"line":16,"column":39},"end":{"line":16,"column":40}},"loc":{"start":{"line":16,"column":45},"end":{"line":16,"column":57}},"line":16}},"branchMap":{},"s":{"0":1,"1":5,"2":5,"3":0},"f":{"0":5,"1":0},"b":{},"_coverageSchema":"1a1c01bbd47fc00a2c39e90264f33305004495a9","hash":"d5566b59806001b2e4e21562aa611288d088b196"}
,"C:\\Users\\prist\\OneDrive\\Documents\\Desktop\\University-Research-Collaboration-Platform-1\\src\\pages\\Admin\\AdminPage.jsx": {"path":"C:\\Users\\prist\\OneDrive\\Documents\\Desktop\\University-Research-Collaboration-Platform-1\\src\\pages\\Admin\\AdminPage.jsx","statementMap":{"0":{"start":{"line":12,"column":36},"end":{"line":12,"column":56}},"1":{"start":{"line":14,"column":17},"end":{"line":42,"column":3}},"2":{"start":{"line":43,"column":2},"end":{"line":43,"column":42}},"3":{"start":{"line":44,"column":2},"end":{"line":84,"column":4}}},"fnMap":{"0":{"name":"AdminPage","decl":{"start":{"line":11,"column":24},"end":{"line":11,"column":33}},"loc":{"start":{"line":11,"column":64},"end":{"line":85,"column":1}},"line":11}},"branchMap":{"0":{"loc":{"start":{"line":11,"column":36},"end":{"line":11,"column":60}},"type":"default-arg","locations":[{"start":{"line":11,"column":49},"end":{"line":11,"column":60}}],"line":11},"1":{"loc":{"start":{"line":51,"column":3},"end":{"line":61,"column":23}},"type":"cond-expr","locations":[{"start":{"line":52,"column":6},"end":{"line":52,"column":17}},{"start":{"line":53,"column":6},"end":{"line":61,"column":23}}],"line":51},"2":{"loc":{"start":{"line":53,"column":6},"end":{"line":61,"column":23}},"type":"cond-expr","locations":[{"start":{"line":54,"column":6},"end":{"line":54,"column":19}},{"start":{"line":55,"column":6},"end":{"line":61,"column":23}}],"line":53},"3":{"loc":{"start":{"line":55,"column":6},"end":{"line":61,"column":23}},"type":"cond-expr","locations":[{"start":{"line":56,"column":6},"end":{"line":56,"column":26}},{"start":{"line":57,"column":6},"end":{"line":61,"column":23}}],"line":55},"4":{"loc":{"start":{"line":57,"column":6},"end":{"line":61,"column":23}},"type":"cond-expr","locations":[{"start":{"line":58,"column":6},"end":{"line":58,"column":21}},{"start":{"line":59,"column":6},"end":{"line":61,"column":23}}],"line":57},"5":{"loc":{"start":{"line":59,"column":6},"end":{"line":61,"column":23}},"type":"cond-expr","locations":[{"start":{"line":60,"column":6},"end":{"line":60,"column":24}},{"start":{"line":61,"column":6},"end":{"line":61,"column":23}}],"line":59},"6":{"loc":{"start":{"line":64,"column":13},"end":{"line":74,"column":55}},"type":"cond-expr","locations":[{"start":{"line":65,"column":16},"end":{"line":65,"column":60}},{"start":{"line":66,"column":16},"end":{"line":74,"column":55}}],"line":64},"7":{"loc":{"start":{"line":66,"column":16},"end":{"line":74,"column":55}},"type":"cond-expr","locations":[{"start":{"line":67,"column":16},"end":{"line":67,"column":60}},{"start":{"line":68,"column":16},"end":{"line":74,"column":55}}],"line":66},"8":{"loc":{"start":{"line":68,"column":16},"end":{"line":74,"column":55}},"type":"cond-expr","locations":[{"start":{"line":69,"column":16},"end":{"line":69,"column":61}},{"start":{"line":70,"column":16},"end":{"line":74,"column":55}}],"line":68},"9":{"loc":{"start":{"line":70,"column":16},"end":{"line":74,"column":55}},"type":"cond-expr","locations":[{"start":{"line":71,"column":16},"end":{"line":71,"column":56}},{"start":{"line":72,"column":16},"end":{"line":74,"column":55}}],"line":70},"10":{"loc":{"start":{"line":72,"column":16},"end":{"line":74,"column":55}},"type":"cond-expr","locations":[{"start":{"line":73,"column":16},"end":{"line":73,"column":59}},{"start":{"line":74,"column":16},"end":{"line":74,"column":55}}],"line":72},"11":{"loc":{"start":{"line":77,"column":9},"end":{"line":77,"column":51}},"type":"binary-expr","locations":[{"start":{"line":77,"column":9},"end":{"line":77,"column":34}},{"start":{"line":77,"column":38},"end":{"line":77,"column":51}}],"line":77},"12":{"loc":{"start":{"line":78,"column":9},"end":{"line":78,"column":45}},"type":"binary-expr","locations":[{"start":{"line":78,"column":9},"end":{"line":78,"column":29}},{"start":{"line":78,"column":33},"end":{"line":78,"column":45}}],"line":78},"13":{"loc":{"start":{"line":79,"column":9},"end":{"line":79,"column":61}},"type":"binary-expr","locations":[{"start":{"line":79,"column":9},"end":{"line":79,"column":36}},{"start":{"line":79,"column":40},"end":{"line":79,"column":61}}],"line":79},"14":{"loc":{"start":{"line":80,"column":9},"end":{"line":80,"column":51}},"type":"binary-expr","locations":[{"start":{"line":80,"column":9},"end":{"line":80,"column":31}},{"start":{"line":80,"column":35},"end":{"line":80,"column":51}}],"line":80},"15":{"loc":{"start":{"line":81,"column":9},"end":{"line":81,"column":57}},"type":"binary-expr","locations":[{"start":{"line":81,"column":9},"end":{"line":81,"column":34}},{"start":{"line":81,"column":38},"end":{"line":81,"column":57}}],"line":81}},"s":{"0":12,"1":12,"2":12,"3":12},"f":{"0":12},"b":{"0":[11],"1":[6,6],"2":[1,5],"3":[2,3],"4":[1,2],"5":[2,0],"6":[6,6],"7":[1,5],"8":[2,3],"9":[1,2],"10":[2,0],"11":[12,6],"12":[12,1],"13":[12,2],"14":[12,1],"15":[12,2]},"_coverageSchema":"1a1c01bbd47fc00a2c39e90264f33305004495a9","hash":"06e3cbd29d60cba2d48ad2854821d5ae5ac65c28"}
,"C:\\Users\\prist\\OneDrive\\Documents\\Desktop\\University-Research-Collaboration-Platform-1\\src\\pages\\Researcher\\CollaboratePage.jsx": {"path":"C:\\Users\\prist\\OneDrive\\Documents\\Desktop\\University-Research-Collaboration-Platform-1\\src\\pages\\Researcher\\CollaboratePage.jsx","statementMap":{"0":{"start":{"line":34,"column":24},"end":{"line":415,"column":1}},"1":{"start":{"line":35,"column":19},"end":{"line":35,"column":32}},"2":{"start":{"line":37,"column":56},"end":{"line":37,"column":68}},"3":{"start":{"line":39,"column":32},"end":{"line":39,"column":47}},"4":{"start":{"line":41,"column":44},"end":{"line":41,"column":56}},"5":{"start":{"line":43,"column":48},"end":{"line":43,"column":63}},"6":{"start":{"line":47,"column":2},"end":{"line":150,"column":9}},"7":{"start":{"line":48,"column":37},"end":{"line":148,"column":5}},"8":{"start":{"line":49,"column":6},"end":{"line":147,"column":7}},"9":{"start":{"line":50,"column":8},"end":{"line":50,"column":25}},"10":{"start":{"line":51,"column":21},"end":{"line":51,"column":37}},"11":{"start":{"line":52,"column":8},"end":{"line":52,"column":26}},"12":{"start":{"line":52,"column":19},"end":{"line":52,"column":26}},"13":{"start":{"line":55,"column":29},"end":{"line":59,"column":9}},"14":{"start":{"line":60,"column":32},"end":{"line":60,"column":59}},"15":{"start":{"line":62,"column":24},"end":{"line":65,"column":10}},"16":{"start":{"line":63,"column":24},"end":{"line":63,"column":44}},"17":{"start":{"line":64,"column":10},"end":{"line":64,"column":53}},"18":{"start":{"line":64,"column":35},"end":{"line":64,"column":51}},"19":{"start":{"line":68,"column":31},"end":{"line":73,"column":9}},"20":{"start":{"line":74,"column":39},"end":{"line":74,"column":91}},"21":{"start":{"line":74,"column":70},"end":{"line":74,"column":90}},"22":{"start":{"line":77,"column":27},"end":{"line":80,"column":9}},"23":{"start":{"line":81,"column":30},"end":{"line":81,"column":55}},"24":{"start":{"line":84,"column":34},"end":{"line":120,"column":9}},"25":{"start":{"line":86,"column":32},"end":{"line":86,"column":50}},"26":{"start":{"line":87,"column":30},"end":{"line":87,"column":44}},"27":{"start":{"line":90,"column":12},"end":{"line":90,"column":72}},"28":{"start":{"line":90,"column":60},"end":{"line":90,"column":72}},"29":{"start":{"line":93,"column":34},"end":{"line":93,"column":84}},"30":{"start":{"line":94,"column":35},"end":{"line":96,"column":36}},"31":{"start":{"line":99,"column":33},"end":{"line":104,"column":13}},"32":{"start":{"line":105,"column":36},"end":{"line":105,"column":63}},"33":{"start":{"line":106,"column":38},"end":{"line":106,"column":60}},"34":{"start":{"line":109,"column":29},"end":{"line":109,"column":85}},"35":{"start":{"line":111,"column":12},"end":{"line":118,"column":14}},"36":{"start":{"line":122,"column":33},"end":{"line":122,"column":66}},"37":{"start":{"line":125,"column":31},"end":{"line":128,"column":10}},"38":{"start":{"line":126,"column":10},"end":{"line":126,"column":50}},"39":{"start":{"line":126,"column":41},"end":{"line":126,"column":50}},"40":{"start":{"line":127,"column":10},"end":{"line":127,"column":37}},"41":{"start":{"line":130,"column":8},"end":{"line":130,"column":47}},"42":{"start":{"line":133,"column":30},"end":{"line":133,"column":32}},"43":{"start":{"line":134,"column":8},"end":{"line":140,"column":11}},"44":{"start":{"line":135,"column":10},"end":{"line":139,"column":12}},"45":{"start":{"line":141,"column":8},"end":{"line":141,"column":40}},"46":{"start":{"line":144,"column":8},"end":{"line":144,"column":47}},"47":{"start":{"line":146,"column":8},"end":{"line":146,"column":26}},"48":{"start":{"line":149,"column":4},"end":{"line":149,"column":31}},"49":{"start":{"line":153,"column":35},"end":{"line":233,"column":3}},"50":{"start":{"line":154,"column":4},"end":{"line":232,"column":5}},"51":{"start":{"line":155,"column":6},"end":{"line":158,"column":10}},"52":{"start":{"line":155,"column":32},"end":{"line":158,"column":7}},"53":{"start":{"line":160,"column":26},"end":{"line":160,"column":42}},"54":{"start":{"line":161,"column":6},"end":{"line":164,"column":7}},"55":{"start":{"line":162,"column":8},"end":{"line":162,"column":63}},"56":{"start":{"line":163,"column":8},"end":{"line":163,"column":15}},"57":{"start":{"line":167,"column":26},"end":{"line":171,"column":7}},"58":{"start":{"line":172,"column":29},"end":{"line":172,"column":55}},"59":{"start":{"line":173,"column":6},"end":{"line":176,"column":7}},"60":{"start":{"line":174,"column":8},"end":{"line":174,"column":67}},"61":{"start":{"line":175,"column":8},"end":{"line":175,"column":15}},"62":{"start":{"line":179,"column":27},"end":{"line":184,"column":7}},"63":{"start":{"line":185,"column":30},"end":{"line":185,"column":57}},"64":{"start":{"line":186,"column":6},"end":{"line":189,"column":7}},"65":{"start":{"line":187,"column":8},"end":{"line":187,"column":74}},"66":{"start":{"line":188,"column":8},"end":{"line":188,"column":15}},"67":{"start":{"line":192,"column":22},"end":{"line":192,"column":99}},"68":{"start":{"line":195,"column":6},"end":{"line":203,"column":9}},"69":{"start":{"line":206,"column":25},"end":{"line":206,"column":78}},"70":{"start":{"line":207,"column":27},"end":{"line":207,"column":93}},"71":{"start":{"line":209,"column":6},"end":{"line":214,"column":9}},"72":{"start":{"line":216,"column":6},"end":{"line":216,"column":64}},"73":{"start":{"line":217,"column":6},"end":{"line":225,"column":10}},"74":{"start":{"line":217,"column":32},"end":{"line":225,"column":7}},"75":{"start":{"line":227,"column":6},"end":{"line":227,"column":58}},"76":{"start":{"line":228,"column":6},"end":{"line":231,"column":10}},"77":{"start":{"line":228,"column":32},"end":{"line":231,"column":7}},"78":{"start":{"line":236,"column":28},"end":{"line":238,"column":25}},"79":{"start":{"line":237,"column":44},"end":{"line":237,"column":60}},"80":{"start":{"line":241,"column":2},"end":{"line":414,"column":4}},"81":{"start":{"line":255,"column":25},"end":{"line":255,"column":37}},"82":{"start":{"line":270,"column":25},"end":{"line":270,"column":58}},"83":{"start":{"line":288,"column":30},"end":{"line":288,"column":66}},"84":{"start":{"line":316,"column":32},"end":{"line":316,"column":63}},"85":{"start":{"line":317,"column":39},"end":{"line":317,"column":55}},"86":{"start":{"line":318,"column":37},"end":{"line":318,"column":60}},"87":{"start":{"line":320,"column":18},"end":{"line":404,"column":20}},"88":{"start":{"line":350,"column":30},"end":{"line":356,"column":33}},"89":{"start":{"line":350,"column":58},"end":{"line":356,"column":31}},"90":{"start":{"line":371,"column":43},"end":{"line":371,"column":77}},"91":{"start":{"line":382,"column":43},"end":{"line":382,"column":116}}},"fnMap":{"0":{"name":"(anonymous_0)","decl":{"start":{"line":34,"column":24},"end":{"line":34,"column":25}},"loc":{"start":{"line":34,"column":30},"end":{"line":415,"column":1}},"line":34},"1":{"name":"(anonymous_1)","decl":{"start":{"line":47,"column":12},"end":{"line":47,"column":13}},"loc":{"start":{"line":47,"column":18},"end":{"line":150,"column":3}},"line":47},"2":{"name":"(anonymous_2)","decl":{"start":{"line":48,"column":37},"end":{"line":48,"column":38}},"loc":{"start":{"line":48,"column":49},"end":{"line":148,"column":5}},"line":48},"3":{"name":"(anonymous_3)","decl":{"start":{"line":62,"column":49},"end":{"line":62,"column":50}},"loc":{"start":{"line":62,"column":60},"end":{"line":65,"column":9}},"line":62},"4":{"name":"(anonymous_4)","decl":{"start":{"line":64,"column":28},"end":{"line":64,"column":29}},"loc":{"start":{"line":64,"column":35},"end":{"line":64,"column":51}},"line":64},"5":{"name":"(anonymous_5)","decl":{"start":{"line":74,"column":63},"end":{"line":74,"column":64}},"loc":{"start":{"line":74,"column":70},"end":{"line":74,"column":90}},"line":74},"6":{"name":"(anonymous_6)","decl":{"start":{"line":85,"column":33},"end":{"line":85,"column":34}},"loc":{"start":{"line":85,"column":56},"end":{"line":119,"column":11}},"line":85},"7":{"name":"(anonymous_7)","decl":{"start":{"line":125,"column":53},"end":{"line":125,"column":54}},"loc":{"start":{"line":125,"column":63},"end":{"line":128,"column":9}},"line":125},"8":{"name":"(anonymous_8)","decl":{"start":{"line":134,"column":31},"end":{"line":134,"column":32}},"loc":{"start":{"line":134,"column":42},"end":{"line":140,"column":9}},"line":134},"9":{"name":"(anonymous_9)","decl":{"start":{"line":153,"column":35},"end":{"line":153,"column":36}},"loc":{"start":{"line":153,"column":70},"end":{"line":233,"column":3}},"line":153},"10":{"name":"(anonymous_10)","decl":{"start":{"line":155,"column":23},"end":{"line":155,"column":24}},"loc":{"start":{"line":155,"column":32},"end":{"line":158,"column":7}},"line":155},"11":{"name":"(anonymous_11)","decl":{"start":{"line":217,"column":23},"end":{"line":217,"column":24}},"loc":{"start":{"line":217,"column":32},"end":{"line":225,"column":7}},"line":217},"12":{"name":"(anonymous_12)","decl":{"start":{"line":228,"column":23},"end":{"line":228,"column":24}},"loc":{"start":{"line":228,"column":32},"end":{"line":231,"column":7}},"line":228},"13":{"name":"(anonymous_13)","decl":{"start":{"line":237,"column":33},"end":{"line":237,"column":34}},"loc":{"start":{"line":237,"column":44},"end":{"line":237,"column":60}},"line":237},"14":{"name":"(anonymous_14)","decl":{"start":{"line":255,"column":19},"end":{"line":255,"column":20}},"loc":{"start":{"line":255,"column":25},"end":{"line":255,"column":37}},"line":255},"15":{"name":"(anonymous_15)","decl":{"start":{"line":270,"column":19},"end":{"line":270,"column":20}},"loc":{"start":{"line":270,"column":25},"end":{"line":270,"column":58}},"line":270},"16":{"name":"(anonymous_16)","decl":{"start":{"line":288,"column":24},"end":{"line":288,"column":25}},"loc":{"start":{"line":288,"column":30},"end":{"line":288,"column":66}},"line":288},"17":{"name":"(anonymous_17)","decl":{"start":{"line":315,"column":39},"end":{"line":315,"column":40}},"loc":{"start":{"line":315,"column":52},"end":{"line":405,"column":17}},"line":315},"18":{"name":"(anonymous_18)","decl":{"start":{"line":349,"column":38},"end":{"line":349,"column":39}},"loc":{"start":{"line":350,"column":30},"end":{"line":356,"column":33}},"line":350},"19":{"name":"(anonymous_19)","decl":{"start":{"line":350,"column":47},"end":{"line":350,"column":48}},"loc":{"start":{"line":350,"column":58},"end":{"line":356,"column":31}},"line":350},"20":{"name":"(anonymous_20)","decl":{"start":{"line":371,"column":37},"end":{"line":371,"column":38}},"loc":{"start":{"line":371,"column":43},"end":{"line":371,"column":77}},"line":371},"21":{"name":"(anonymous_21)","decl":{"start":{"line":382,"column":37},"end":{"line":382,"column":38}},"loc":{"start":{"line":382,"column":43},"end":{"line":382,"column":116}},"line":382}},"branchMap":{"0":{"loc":{"start":{"line":52,"column":8},"end":{"line":52,"column":26}},"type":"if","locations":[{"start":{"line":52,"column":8},"end":{"line":52,"column":26}},{"start":{},"end":{}}],"line":52},"1":{"loc":{"start":{"line":90,"column":12},"end":{"line":90,"column":72}},"type":"if","locations":[{"start":{"line":90,"column":12},"end":{"line":90,"column":72}},{"start":{},"end":{}}],"line":90},"2":{"loc":{"start":{"line":94,"column":35},"end":{"line":96,"column":36}},"type":"cond-expr","locations":[{"start":{"line":95,"column":16},"end":{"line":95,"column":41}},{"start":{"line":96,"column":16},"end":{"line":96,"column":36}}],"line":94},"3":{"loc":{"start":{"line":126,"column":10},"end":{"line":126,"column":50}},"type":"if","locations":[{"start":{"line":126,"column":10},"end":{"line":126,"column":50}},{"start":{},"end":{}}],"line":126},"4":{"loc":{"start":{"line":127,"column":17},"end":{"line":127,"column":36}},"type":"cond-expr","locations":[{"start":{"line":127,"column":30},"end":{"line":127,"column":32}},{"start":{"line":127,"column":35},"end":{"line":127,"column":36}}],"line":127},"5":{"loc":{"start":{"line":161,"column":6},"end":{"line":164,"column":7}},"type":"if","locations":[{"start":{"line":161,"column":6},"end":{"line":164,"column":7}},{"start":{},"end":{}}],"line":161},"6":{"loc":{"start":{"line":173,"column":6},"end":{"line":176,"column":7}},"type":"if","locations":[{"start":{"line":173,"column":6},"end":{"line":176,"column":7}},{"start":{},"end":{}}],"line":173},"7":{"loc":{"start":{"line":186,"column":6},"end":{"line":189,"column":7}},"type":"if","locations":[{"start":{"line":186,"column":6},"end":{"line":189,"column":7}},{"start":{},"end":{}}],"line":186},"8":{"loc":{"start":{"line":192,"column":22},"end":{"line":192,"column":99}},"type":"binary-expr","locations":[{"start":{"line":192,"column":22},"end":{"line":192,"column":55}},{"start":{"line":192,"column":59},"end":{"line":192,"column":99}}],"line":192},"9":{"loc":{"start":{"line":199,"column":23},"end":{"line":199,"column":72}},"type":"binary-expr","locations":[{"start":{"line":199,"column":23},"end":{"line":199,"column":46}},{"start":{"line":199,"column":50},"end":{"line":199,"column":72}}],"line":199},"10":{"loc":{"start":{"line":207,"column":27},"end":{"line":207,"column":93}},"type":"cond-expr","locations":[{"start":{"line":207,"column":49},"end":{"line":207,"column":72}},{"start":{"line":207,"column":75},"end":{"line":207,"column":93}}],"line":207},"11":{"loc":{"start":{"line":211,"column":20},"end":{"line":211,"column":61}},"type":"binary-expr","locations":[{"start":{"line":211,"column":20},"end":{"line":211,"column":43}},{"start":{"line":211,"column":47},"end":{"line":211,"column":61}}],"line":211},"12":{"loc":{"start":{"line":236,"column":28},"end":{"line":238,"column":25}},"type":"cond-expr","locations":[{"start":{"line":237,"column":6},"end":{"line":237,"column":61}},{"start":{"line":238,"column":6},"end":{"line":238,"column":25}}],"line":236},"13":{"loc":{"start":{"line":296,"column":9},"end":{"line":409,"column":9}},"type":"cond-expr","locations":[{"start":{"line":297,"column":10},"end":{"line":302,"column":16}},{"start":{"line":304,"column":10},"end":{"line":408,"column":16}}],"line":296},"14":{"loc":{"start":{"line":309,"column":13},"end":{"line":407,"column":13}},"type":"cond-expr","locations":[{"start":{"line":310,"column":14},"end":{"line":312,"column":27}},{"start":{"line":314,"column":14},"end":{"line":406,"column":21}}],"line":309},"15":{"loc":{"start":{"line":316,"column":32},"end":{"line":316,"column":63}},"type":"binary-expr","locations":[{"start":{"line":316,"column":32},"end":{"line":316,"column":57}},{"start":{"line":316,"column":61},"end":{"line":316,"column":63}}],"line":316},"16":{"loc":{"start":{"line":341,"column":25},"end":{"line":366,"column":25}},"type":"binary-expr","locations":[{"start":{"line":341,"column":25},"end":{"line":341,"column":36}},{"start":{"line":342,"column":26},"end":{"line":365,"column":28}}],"line":341},"17":{"loc":{"start":{"line":348,"column":35},"end":{"line":348,"column":54}},"type":"binary-expr","locations":[{"start":{"line":348,"column":35},"end":{"line":348,"column":48}},{"start":{"line":348,"column":52},"end":{"line":348,"column":54}}],"line":348},"18":{"loc":{"start":{"line":382,"column":43},"end":{"line":382,"column":116}},"type":"binary-expr","locations":[{"start":{"line":382,"column":43},"end":{"line":382,"column":54}},{"start":{"line":382,"column":58},"end":{"line":382,"column":116}}],"line":382},"19":{"loc":{"start":{"line":383,"column":38},"end":{"line":383,"column":64}},"type":"binary-expr","locations":[{"start":{"line":383,"column":38},"end":{"line":383,"column":48}},{"start":{"line":383,"column":52},"end":{"line":383,"column":64}}],"line":383},"20":{"loc":{"start":{"line":385,"column":39},"end":{"line":385,"column":73}},"type":"cond-expr","locations":[{"start":{"line":385,"column":52},"end":{"line":385,"column":61}},{"start":{"line":385,"column":64},"end":{"line":385,"column":73}}],"line":385},"21":{"loc":{"start":{"line":386,"column":37},"end":{"line":386,"column":71}},"type":"cond-expr","locations":[{"start":{"line":386,"column":50},"end":{"line":386,"column":59}},{"start":{"line":386,"column":62},"end":{"line":386,"column":71}}],"line":386},"22":{"loc":{"start":{"line":388,"column":41},"end":{"line":388,"column":75}},"type":"cond-expr","locations":[{"start":{"line":388,"column":54},"end":{"line":388,"column":63}},{"start":{"line":388,"column":66},"end":{"line":388,"column":75}}],"line":388},"23":{"loc":{"start":{"line":395,"column":29},"end":{"line":399,"column":55}},"type":"cond-expr","locations":[{"start":{"line":396,"column":32},"end":{"line":396,"column":49}},{"start":{"line":397,"column":32},"end":{"line":399,"column":55}}],"line":395},"24":{"loc":{"start":{"line":397,"column":32},"end":{"line":399,"column":55}},"type":"cond-expr","locations":[{"start":{"line":398,"column":32},"end":{"line":398,"column":44}},{"start":{"line":399,"column":32},"end":{"line":399,"column":55}}],"line":397}},"s":{"0":1,"1":9,"2":9,"3":9,"4":9,"5":9,"6":9,"7":3,"8":3,"9":3,"10":3,"11":3,"12":0,"13":3,"14":3,"15":3,"16":0,"17":0,"18":0,"19":3,"20":3,"21":0,"22":3,"23":3,"24":3,"25":0,"26":0,"27":0,"28":0,"29":0,"30":0,"31":0,"32":0,"33":0,"34":0,"35":0,"36":3,"37":3,"38":0,"39":0,"40":0,"41":3,"42":3,"43":3,"44":0,"45":3,"46":0,"47":3,"48":3,"49":9,"50":0,"51":0,"52":0,"53":0,"54":0,"55":0,"56":0,"57":0,"58":0,"59":0,"60":0,"61":0,"62":0,"63":0,"64":0,"65":0,"66":0,"67":0,"68":0,"69":0,"70":0,"71":0,"72":0,"73":0,"74":0,"75":0,"76":0,"77":0,"78":9,"79":0,"80":9,"81":0,"82":0,"83":0,"84":0,"85":0,"86":0,"87":0,"88":0,"89":0,"90":0,"91":0},"f":{"0":9,"1":3,"2":3,"3":0,"4":0,"5":0,"6":0,"7":0,"8":0,"9":0,"10":0,"11":0,"12":0,"13":0,"14":0,"15":0,"16":0,"17":0,"18":0,"19":0,"20":0,"21":0},"b":{"0":[0,3],"1":[0,0],"2":[0,0],"3":[0,0],"4":[0,0],"5":[0,0],"6":[0,0],"7":[0,0],"8":[0,0],"9":[0,0],"10":[0,0],"11":[0,0],"12":[0,9],"13":[3,6],"14":[6,0],"15":[0,0],"16":[0,0],"17":[0,0],"18":[0,0],"19":[0,0],"20":[0,0],"21":[0,0],"22":[0,0],"23":[0,0],"24":[0,0]},"_coverageSchema":"1a1c01bbd47fc00a2c39e90264f33305004495a9","hash":"c170c9f695391a531e5bef5d673f27f38e62bf3c"}
,"C:\\Users\\prist\\OneDrive\\Documents\\Desktop\\University-Research-Collaboration-Platform-1\\src\\pages\\Researcher\\ResearcherProfile.jsx": {"path":"C:\\Users\\prist\\OneDrive\\Documents\\Desktop\\University-Research-Collaboration-Platform-1\\src\\pages\\Researcher\\ResearcherProfile.jsx","statementMap":{"0":{"start":{"line":19,"column":26},"end":{"line":360,"column":1}},"1":{"start":{"line":20,"column":19},"end":{"line":20,"column":32}},"2":{"start":{"line":22,"column":32},"end":{"line":22,"column":46}},"3":{"start":{"line":24,"column":30},"end":{"line":24,"column":44}},"4":{"start":{"line":26,"column":32},"end":{"line":26,"column":46}},"5":{"start":{"line":27,"column":28},"end":{"line":27,"column":42}},"6":{"start":{"line":29,"column":42},"end":{"line":29,"column":56}},"7":{"start":{"line":32,"column":2},"end":{"line":53,"column":17}},"8":{"start":{"line":33,"column":27},"end":{"line":50,"column":5}},"9":{"start":{"line":34,"column":20},"end":{"line":34,"column":53}},"10":{"start":{"line":35,"column":6},"end":{"line":38,"column":7}},"11":{"start":{"line":36,"column":8},"end":{"line":36,"column":28}},"12":{"start":{"line":37,"column":8},"end":{"line":37,"column":15}},"13":{"start":{"line":40,"column":26},"end":{"line":47,"column":8}},"14":{"start":{"line":41,"column":8},"end":{"line":46,"column":9}},"15":{"start":{"line":42,"column":10},"end":{"line":42,"column":30}},"16":{"start":{"line":44,"column":10},"end":{"line":44,"column":47}},"17":{"start":{"line":45,"column":10},"end":{"line":45,"column":30}},"18":{"start":{"line":49,"column":6},"end":{"line":49,"column":33}},"19":{"start":{"line":49,"column":19},"end":{"line":49,"column":32}},"20":{"start":{"line":52,"column":4},"end":{"line":52,"column":21}},"21":{"start":{"line":56,"column":2},"end":{"line":92,"column":15}},"22":{"start":{"line":57,"column":25},"end":{"line":89,"column":5}},"23":{"start":{"line":58,"column":6},"end":{"line":58,"column":26}},"24":{"start":{"line":58,"column":19},"end":{"line":58,"column":26}},"25":{"start":{"line":60,"column":6},"end":{"line":88,"column":7}},"26":{"start":{"line":61,"column":8},"end":{"line":61,"column":25}},"27":{"start":{"line":62,"column":27},"end":{"line":62,"column":51}},"28":{"start":{"line":63,"column":24},"end":{"line":63,"column":48}},"29":{"start":{"line":65,"column":8},"end":{"line":82,"column":9}},"30":{"start":{"line":67,"column":30},"end":{"line":67,"column":44}},"31":{"start":{"line":68,"column":10},"end":{"line":79,"column":13}},"32":{"start":{"line":81,"column":10},"end":{"line":81,"column":40}},"33":{"start":{"line":84,"column":8},"end":{"line":84,"column":56}},"34":{"start":{"line":85,"column":8},"end":{"line":85,"column":43}},"35":{"start":{"line":87,"column":8},"end":{"line":87,"column":26}},"36":{"start":{"line":91,"column":4},"end":{"line":91,"column":19}},"37":{"start":{"line":95,"column":2},"end":{"line":101,"column":3}},"38":{"start":{"line":96,"column":4},"end":{"line":100,"column":6}},"39":{"start":{"line":104,"column":2},"end":{"line":124,"column":3}},"40":{"start":{"line":105,"column":4},"end":{"line":123,"column":6}},"41":{"start":{"line":109,"column":25},"end":{"line":109,"column":49}},"42":{"start":{"line":127,"column":2},"end":{"line":359,"column":4}},"43":{"start":{"line":147,"column":25},"end":{"line":147,"column":37}},"44":{"start":{"line":167,"column":28},"end":{"line":167,"column":60}},"45":{"start":{"line":184,"column":27},"end":{"line":184,"column":48}},"46":{"start":{"line":207,"column":16},"end":{"line":207,"column":38}},"47":{"start":{"line":208,"column":16},"end":{"line":208,"column":50}},"48":{"start":{"line":223,"column":16},"end":{"line":223,"column":38}},"49":{"start":{"line":224,"column":16},"end":{"line":224,"column":52}},"50":{"start":{"line":239,"column":16},"end":{"line":239,"column":38}},"51":{"start":{"line":240,"column":16},"end":{"line":240,"column":37}},"52":{"start":{"line":255,"column":16},"end":{"line":255,"column":38}},"53":{"start":{"line":256,"column":16},"end":{"line":256,"column":52}},"54":{"start":{"line":290,"column":18},"end":{"line":290,"column":50}},"55":{"start":{"line":337,"column":29},"end":{"line":337,"column":65}}},"fnMap":{"0":{"name":"(anonymous_0)","decl":{"start":{"line":19,"column":26},"end":{"line":19,"column":27}},"loc":{"start":{"line":19,"column":32},"end":{"line":360,"column":1}},"line":19},"1":{"name":"(anonymous_1)","decl":{"start":{"line":32,"column":12},"end":{"line":32,"column":13}},"loc":{"start":{"line":32,"column":18},"end":{"line":53,"column":3}},"line":32},"2":{"name":"(anonymous_2)","decl":{"start":{"line":33,"column":27},"end":{"line":33,"column":28}},"loc":{"start":{"line":33,"column":39},"end":{"line":50,"column":5}},"line":33},"3":{"name":"(anonymous_3)","decl":{"start":{"line":40,"column":50},"end":{"line":40,"column":51}},"loc":{"start":{"line":40,"column":60},"end":{"line":47,"column":7}},"line":40},"4":{"name":"(anonymous_4)","decl":{"start":{"line":49,"column":13},"end":{"line":49,"column":14}},"loc":{"start":{"line":49,"column":19},"end":{"line":49,"column":32}},"line":49},"5":{"name":"(anonymous_5)","decl":{"start":{"line":56,"column":12},"end":{"line":56,"column":13}},"loc":{"start":{"line":56,"column":18},"end":{"line":92,"column":3}},"line":56},"6":{"name":"(anonymous_6)","decl":{"start":{"line":57,"column":25},"end":{"line":57,"column":26}},"loc":{"start":{"line":57,"column":37},"end":{"line":89,"column":5}},"line":57},"7":{"name":"(anonymous_7)","decl":{"start":{"line":109,"column":19},"end":{"line":109,"column":20}},"loc":{"start":{"line":109,"column":25},"end":{"line":109,"column":49}},"line":109},"8":{"name":"(anonymous_8)","decl":{"start":{"line":147,"column":19},"end":{"line":147,"column":20}},"loc":{"start":{"line":147,"column":25},"end":{"line":147,"column":37}},"line":147},"9":{"name":"(anonymous_9)","decl":{"start":{"line":167,"column":21},"end":{"line":167,"column":22}},"loc":{"start":{"line":167,"column":28},"end":{"line":167,"column":60}},"line":167},"10":{"name":"(anonymous_10)","decl":{"start":{"line":184,"column":21},"end":{"line":184,"column":22}},"loc":{"start":{"line":184,"column":27},"end":{"line":184,"column":48}},"line":184},"11":{"name":"(anonymous_11)","decl":{"start":{"line":206,"column":23},"end":{"line":206,"column":24}},"loc":{"start":{"line":206,"column":29},"end":{"line":209,"column":15}},"line":206},"12":{"name":"(anonymous_12)","decl":{"start":{"line":222,"column":23},"end":{"line":222,"column":24}},"loc":{"start":{"line":222,"column":29},"end":{"line":225,"column":15}},"line":222},"13":{"name":"(anonymous_13)","decl":{"start":{"line":238,"column":23},"end":{"line":238,"column":24}},"loc":{"start":{"line":238,"column":29},"end":{"line":241,"column":15}},"line":238},"14":{"name":"(anonymous_14)","decl":{"start":{"line":254,"column":23},"end":{"line":254,"column":24}},"loc":{"start":{"line":254,"column":29},"end":{"line":257,"column":15}},"line":254},"15":{"name":"(anonymous_15)","decl":{"start":{"line":289,"column":25},"end":{"line":289,"column":26}},"loc":{"start":{"line":289,"column":32},"end":{"line":291,"column":17}},"line":289},"16":{"name":"(anonymous_16)","decl":{"start":{"line":337,"column":23},"end":{"line":337,"column":24}},"loc":{"start":{"line":337,"column":29},"end":{"line":337,"column":65}},"line":337}},"branchMap":{"0":{"loc":{"start":{"line":35,"column":6},"end":{"line":38,"column":7}},"type":"if","locations":[{"start":{"line":35,"column":6},"end":{"line":38,"column":7}},{"start":{},"end":{}}],"line":35},"1":{"loc":{"start":{"line":41,"column":8},"end":{"line":46,"column":9}},"type":"if","locations":[{"start":{"line":41,"column":8},"end":{"line":46,"column":9}},{"start":{"line":43,"column":15},"end":{"line":46,"column":9}}],"line":41},"2":{"loc":{"start":{"line":58,"column":6},"end":{"line":58,"column":26}},"type":"if","locations":[{"start":{"line":58,"column":6},"end":{"line":58,"column":26}},{"start":{},"end":{}}],"line":58},"3":{"loc":{"start":{"line":65,"column":8},"end":{"line":82,"column":9}},"type":"if","locations":[{"start":{"line":65,"column":8},"end":{"line":82,"column":9}},{"start":{"line":80,"column":15},"end":{"line":82,"column":9}}],"line":65},"4":{"loc":{"start":{"line":69,"column":19},"end":{"line":69,"column":42}},"type":"binary-expr","locations":[{"start":{"line":69,"column":19},"end":{"line":69,"column":36}},{"start":{"line":69,"column":40},"end":{"line":69,"column":42}}],"line":69},"5":{"loc":{"start":{"line":70,"column":18},"end":{"line":70,"column":40}},"type":"binary-expr","locations":[{"start":{"line":70,"column":18},"end":{"line":70,"column":34}},{"start":{"line":70,"column":38},"end":{"line":70,"column":40}}],"line":70},"6":{"loc":{"start":{"line":71,"column":19},"end":{"line":71,"column":42}},"type":"binary-expr","locations":[{"start":{"line":71,"column":19},"end":{"line":71,"column":36}},{"start":{"line":71,"column":40},"end":{"line":71,"column":42}}],"line":71},"7":{"loc":{"start":{"line":72,"column":26},"end":{"line":72,"column":56}},"type":"binary-expr","locations":[{"start":{"line":72,"column":26},"end":{"line":72,"column":50}},{"start":{"line":72,"column":54},"end":{"line":72,"column":56}}],"line":72},"8":{"loc":{"start":{"line":73,"column":23},"end":{"line":73,"column":50}},"type":"binary-expr","locations":[{"start":{"line":73,"column":23},"end":{"line":73,"column":44}},{"start":{"line":73,"column":48},"end":{"line":73,"column":50}}],"line":73},"9":{"loc":{"start":{"line":74,"column":21},"end":{"line":74,"column":46}},"type":"binary-expr","locations":[{"start":{"line":74,"column":21},"end":{"line":74,"column":40}},{"start":{"line":74,"column":44},"end":{"line":74,"column":46}}],"line":74},"10":{"loc":{"start":{"line":75,"column":24},"end":{"line":75,"column":52}},"type":"binary-expr","locations":[{"start":{"line":75,"column":24},"end":{"line":75,"column":46}},{"start":{"line":75,"column":50},"end":{"line":75,"column":52}}],"line":75},"11":{"loc":{"start":{"line":76,"column":29},"end":{"line":76,"column":62}},"type":"binary-expr","locations":[{"start":{"line":76,"column":29},"end":{"line":76,"column":56}},{"start":{"line":76,"column":60},"end":{"line":76,"column":62}}],"line":76},"12":{"loc":{"start":{"line":77,"column":26},"end":{"line":77,"column":56}},"type":"binary-expr","locations":[{"start":{"line":77,"column":26},"end":{"line":77,"column":50}},{"start":{"line":77,"column":54},"end":{"line":77,"column":56}}],"line":77},"13":{"loc":{"start":{"line":78,"column":28},"end":{"line":78,"column":62}},"type":"binary-expr","locations":[{"start":{"line":78,"column":28},"end":{"line":78,"column":54}},{"start":{"line":78,"column":58},"end":{"line":78,"column":62}}],"line":78},"14":{"loc":{"start":{"line":95,"column":2},"end":{"line":101,"column":3}},"type":"if","locations":[{"start":{"line":95,"column":2},"end":{"line":101,"column":3}},{"start":{},"end":{}}],"line":95},"15":{"loc":{"start":{"line":104,"column":2},"end":{"line":124,"column":3}},"type":"if","locations":[{"start":{"line":104,"column":2},"end":{"line":124,"column":3}},{"start":{},"end":{}}],"line":104},"16":{"loc":{"start":{"line":277,"column":13},"end":{"line":313,"column":13}},"type":"cond-expr","locations":[{"start":{"line":278,"column":14},"end":{"line":292,"column":16}},{"start":{"line":294,"column":14},"end":{"line":312,"column":20}}],"line":277},"17":{"loc":{"start":{"line":311,"column":17},"end":{"line":311,"column":48}},"type":"binary-expr","locations":[{"start":{"line":311,"column":17},"end":{"line":311,"column":41}},{"start":{"line":311,"column":45},"end":{"line":311,"column":48}}],"line":311}},"s":{"0":1,"1":41,"2":41,"3":40,"4":40,"5":40,"6":40,"7":40,"8":11,"9":11,"10":11,"11":1,"12":1,"13":10,"14":10,"15":10,"16":0,"17":0,"18":10,"19":0,"20":11,"21":40,"22":21,"23":21,"24":11,"25":10,"26":10,"27":10,"28":10,"29":9,"30":8,"31":8,"32":1,"33":1,"34":1,"35":10,"36":21,"37":40,"38":31,"39":9,"40":2,"41":0,"42":7,"43":0,"44":0,"45":0,"46":0,"47":0,"48":0,"49":0,"50":0,"51":0,"52":0,"53":0,"54":0,"55":1},"f":{"0":41,"1":11,"2":11,"3":10,"4":0,"5":21,"6":21,"7":0,"8":0,"9":0,"10":0,"11":0,"12":0,"13":0,"14":0,"15":0,"16":1},"b":{"0":[1,10],"1":[10,0],"2":[11,10],"3":[8,1],"4":[8,1],"5":[8,1],"6":[8,0],"7":[8,1],"8":[8,1],"9":[8,8],"10":[8,8],"11":[8,8],"12":[8,8],"13":[8,5],"14":[31,9],"15":[2,7],"16":[2,5],"17":[5,1]},"_coverageSchema":"1a1c01bbd47fc00a2c39e90264f33305004495a9","hash":"96fcdefd752ed89648a993501e270f93e968a8c8"}
,"C:\\Users\\prist\\OneDrive\\Documents\\Desktop\\University-Research-Collaboration-Platform-1\\src\\pages\\Researcher\\researcherDashboardLogic.js": {"path":"C:\\Users\\prist\\OneDrive\\Documents\\Desktop\\University-Research-Collaboration-Platform-1\\src\\pages\\Researcher\\researcherDashboardLogic.js","statementMap":{"0":{"start":{"line":21,"column":38},"end":{"line":333,"column":1}},"1":{"start":{"line":22,"column":19},"end":{"line":22,"column":32}},"2":{"start":{"line":25,"column":40},"end":{"line":25,"column":52}},"3":{"start":{"line":26,"column":38},"end":{"line":26,"column":50}},"4":{"start":{"line":27,"column":30},"end":{"line":27,"column":44}},"5":{"start":{"line":28,"column":38},"end":{"line":28,"column":53}},"6":{"start":{"line":29,"column":46},"end":{"line":29,"column":58}},"7":{"start":{"line":30,"column":38},"end":{"line":30,"column":50}},"8":{"start":{"line":31,"column":44},"end":{"line":31,"column":56}},"9":{"start":{"line":32,"column":48},"end":{"line":32,"column":63}},"10":{"start":{"line":33,"column":44},"end":{"line":33,"column":59}},"11":{"start":{"line":34,"column":26},"end":{"line":34,"column":38}},"12":{"start":{"line":35,"column":46},"end":{"line":35,"column":61}},"13":{"start":{"line":36,"column":50},"end":{"line":36,"column":62}},"14":{"start":{"line":37,"column":34},"end":{"line":37,"column":46}},"15":{"start":{"line":38,"column":34},"end":{"line":38,"column":46}},"16":{"start":{"line":39,"column":40},"end":{"line":39,"column":51}},"17":{"start":{"line":40,"column":48},"end":{"line":40,"column":63}},"18":{"start":{"line":41,"column":36},"end":{"line":41,"column":48}},"19":{"start":{"line":42,"column":34},"end":{"line":42,"column":48}},"20":{"start":{"line":43,"column":68},"end":{"line":43,"column":83}},"21":{"start":{"line":46,"column":2},"end":{"line":56,"column":9}},"22":{"start":{"line":47,"column":27},"end":{"line":54,"column":5}},"23":{"start":{"line":48,"column":6},"end":{"line":53,"column":7}},"24":{"start":{"line":49,"column":25},"end":{"line":49,"column":77}},"25":{"start":{"line":50,"column":8},"end":{"line":50,"column":39}},"26":{"start":{"line":52,"column":8},"end":{"line":52,"column":59}},"27":{"start":{"line":55,"column":4},"end":{"line":55,"column":21}},"28":{"start":{"line":59,"column":2},"end":{"line":73,"column":17}},"29":{"start":{"line":60,"column":18},"end":{"line":60,"column":51}},"30":{"start":{"line":61,"column":4},"end":{"line":64,"column":5}},"31":{"start":{"line":62,"column":6},"end":{"line":62,"column":26}},"32":{"start":{"line":63,"column":6},"end":{"line":63,"column":13}},"33":{"start":{"line":65,"column":24},"end":{"line":71,"column":6}},"34":{"start":{"line":66,"column":6},"end":{"line":70,"column":7}},"35":{"start":{"line":66,"column":16},"end":{"line":66,"column":36}},"36":{"start":{"line":68,"column":8},"end":{"line":68,"column":45}},"37":{"start":{"line":69,"column":8},"end":{"line":69,"column":28}},"38":{"start":{"line":72,"column":4},"end":{"line":72,"column":31}},"39":{"start":{"line":72,"column":17},"end":{"line":72,"column":30}},"40":{"start":{"line":76,"column":2},"end":{"line":93,"column":25}},"41":{"start":{"line":77,"column":4},"end":{"line":77,"column":24}},"42":{"start":{"line":77,"column":17},"end":{"line":77,"column":24}},"43":{"start":{"line":79,"column":29},"end":{"line":91,"column":5}},"44":{"start":{"line":80,"column":6},"end":{"line":90,"column":7}},"45":{"start":{"line":81,"column":24},"end":{"line":81,"column":62}},"46":{"start":{"line":82,"column":8},"end":{"line":87,"column":9}},"47":{"start":{"line":83,"column":10},"end":{"line":83,"column":30}},"48":{"start":{"line":84,"column":10},"end":{"line":84,"column":59}},"49":{"start":{"line":86,"column":10},"end":{"line":86,"column":47}},"50":{"start":{"line":89,"column":8},"end":{"line":89,"column":32}},"51":{"start":{"line":92,"column":4},"end":{"line":92,"column":23}},"52":{"start":{"line":96,"column":2},"end":{"line":132,"column":15}},"53":{"start":{"line":97,"column":4},"end":{"line":97,"column":24}},"54":{"start":{"line":97,"column":17},"end":{"line":97,"column":24}},"55":{"start":{"line":99,"column":24},"end":{"line":99,"column":67}},"56":{"start":{"line":100,"column":26},"end":{"line":100,"column":74}},"57":{"start":{"line":102,"column":32},"end":{"line":110,"column":6}},"58":{"start":{"line":103,"column":27},"end":{"line":107,"column":9}},"59":{"start":{"line":103,"column":53},"end":{"line":107,"column":7}},"60":{"start":{"line":108,"column":6},"end":{"line":108,"column":32}},"61":{"start":{"line":109,"column":6},"end":{"line":109,"column":67}},"62":{"start":{"line":109,"column":48},"end":{"line":109,"column":57}},"63":{"start":{"line":112,"column":24},"end":{"line":115,"column":5}},"64":{"start":{"line":117,"column":31},"end":{"line":126,"column":6}},"65":{"start":{"line":118,"column":22},"end":{"line":118,"column":79}},"66":{"start":{"line":118,"column":48},"end":{"line":118,"column":77}},"67":{"start":{"line":119,"column":23},"end":{"line":124,"column":7}},"68":{"start":{"line":121,"column":29},"end":{"line":121,"column":89}},"69":{"start":{"line":122,"column":10},"end":{"line":122,"column":90}},"70":{"start":{"line":125,"column":6},"end":{"line":125,"column":50}},"71":{"start":{"line":128,"column":4},"end":{"line":131,"column":6}},"72":{"start":{"line":129,"column":6},"end":{"line":129,"column":28}},"73":{"start":{"line":130,"column":6},"end":{"line":130,"column":27}},"74":{"start":{"line":135,"column":2},"end":{"line":162,"column":27}},"75":{"start":{"line":136,"column":4},"end":{"line":136,"column":39}},"76":{"start":{"line":136,"column":32},"end":{"line":136,"column":39}},"77":{"start":{"line":138,"column":26},"end":{"line":160,"column":5}},"78":{"start":{"line":139,"column":6},"end":{"line":159,"column":7}},"79":{"start":{"line":140,"column":18},"end":{"line":140,"column":60}},"80":{"start":{"line":141,"column":30},"end":{"line":141,"column":46}},"81":{"start":{"line":142,"column":21},"end":{"line":155,"column":9}},"82":{"start":{"line":144,"column":28},"end":{"line":144,"column":65}},"83":{"start":{"line":145,"column":12},"end":{"line":153,"column":13}},"84":{"start":{"line":146,"column":36},"end":{"line":146,"column":82}},"85":{"start":{"line":147,"column":14},"end":{"line":150,"column":16}},"86":{"start":{"line":152,"column":14},"end":{"line":152,"column":74}},"87":{"start":{"line":156,"column":8},"end":{"line":156,"column":29}},"88":{"start":{"line":158,"column":8},"end":{"line":158,"column":57}},"89":{"start":{"line":161,"column":4},"end":{"line":161,"column":20}},"90":{"start":{"line":165,"column":2},"end":{"line":179,"column":27}},"91":{"start":{"line":166,"column":4},"end":{"line":166,"column":39}},"92":{"start":{"line":166,"column":32},"end":{"line":166,"column":39}},"93":{"start":{"line":168,"column":28},"end":{"line":177,"column":5}},"94":{"start":{"line":169,"column":6},"end":{"line":176,"column":7}},"95":{"start":{"line":170,"column":18},"end":{"line":170,"column":91}},"96":{"start":{"line":171,"column":30},"end":{"line":171,"column":46}},"97":{"start":{"line":172,"column":21},"end":{"line":172,"column":83}},"98":{"start":{"line":172,"column":52},"end":{"line":172,"column":81}},"99":{"start":{"line":173,"column":8},"end":{"line":173,"column":28}},"100":{"start":{"line":175,"column":8},"end":{"line":175,"column":62}},"101":{"start":{"line":178,"column":4},"end":{"line":178,"column":22}},"102":{"start":{"line":182,"column":2},"end":{"line":184,"column":19}},"103":{"start":{"line":183,"column":4},"end":{"line":183,"column":36}},"104":{"start":{"line":187,"column":23},"end":{"line":208,"column":3}},"105":{"start":{"line":188,"column":4},"end":{"line":192,"column":5}},"106":{"start":{"line":189,"column":6},"end":{"line":189,"column":27}},"107":{"start":{"line":190,"column":6},"end":{"line":190,"column":32}},"108":{"start":{"line":191,"column":6},"end":{"line":191,"column":13}},"109":{"start":{"line":194,"column":28},"end":{"line":194,"column":52}},"110":{"start":{"line":195,"column":21},"end":{"line":199,"column":6}},"111":{"start":{"line":196,"column":20},"end":{"line":196,"column":51}},"112":{"start":{"line":197,"column":29},"end":{"line":197,"column":69}},"113":{"start":{"line":198,"column":6},"end":{"line":198,"column":89}},"114":{"start":{"line":201,"column":4},"end":{"line":201,"column":31}},"115":{"start":{"line":202,"column":4},"end":{"line":202,"column":29}},"116":{"start":{"line":203,"column":4},"end":{"line":203,"column":42}},"117":{"start":{"line":204,"column":4},"end":{"line":206,"column":13}},"118":{"start":{"line":205,"column":6},"end":{"line":205,"column":32}},"119":{"start":{"line":207,"column":4},"end":{"line":207,"column":44}},"120":{"start":{"line":211,"column":28},"end":{"line":219,"column":3}},"121":{"start":{"line":212,"column":4},"end":{"line":218,"column":5}},"122":{"start":{"line":213,"column":6},"end":{"line":215,"column":9}},"123":{"start":{"line":217,"column":6},"end":{"line":217,"column":61}},"124":{"start":{"line":222,"column":29},"end":{"line":236,"column":3}},"125":{"start":{"line":223,"column":4},"end":{"line":223,"column":34}},"126":{"start":{"line":224,"column":4},"end":{"line":235,"column":5}},"127":{"start":{"line":226,"column":8},"end":{"line":226,"column":43}},"128":{"start":{"line":227,"column":8},"end":{"line":227,"column":14}},"129":{"start":{"line":229,"column":8},"end":{"line":229,"column":58}},"130":{"start":{"line":230,"column":8},"end":{"line":230,"column":14}},"131":{"start":{"line":232,"column":8},"end":{"line":232,"column":50}},"132":{"start":{"line":233,"column":8},"end":{"line":233,"column":14}},"133":{"start":{"line":234,"column":15},"end":{"line":234,"column":21}},"134":{"start":{"line":239,"column":27},"end":{"line":239,"column":68}},"135":{"start":{"line":239,"column":33},"end":{"line":239,"column":68}},"136":{"start":{"line":240,"column":28},"end":{"line":240,"column":69}},"137":{"start":{"line":240,"column":34},"end":{"line":240,"column":69}},"138":{"start":{"line":241,"column":27},"end":{"line":244,"column":3}},"139":{"start":{"line":242,"column":4},"end":{"line":242,"column":30}},"140":{"start":{"line":243,"column":4},"end":{"line":243,"column":42}},"141":{"start":{"line":245,"column":28},"end":{"line":249,"column":3}},"142":{"start":{"line":246,"column":4},"end":{"line":246,"column":34}},"143":{"start":{"line":247,"column":4},"end":{"line":247,"column":30}},"144":{"start":{"line":248,"column":4},"end":{"line":248,"column":42}},"145":{"start":{"line":250,"column":22},"end":{"line":254,"column":3}},"146":{"start":{"line":251,"column":4},"end":{"line":251,"column":22}},"147":{"start":{"line":252,"column":4},"end":{"line":252,"column":25}},"148":{"start":{"line":253,"column":4},"end":{"line":253,"column":30}},"149":{"start":{"line":257,"column":19},"end":{"line":272,"column":3}},"150":{"start":{"line":258,"column":4},"end":{"line":271,"column":5}},"151":{"start":{"line":259,"column":6},"end":{"line":268,"column":9}},"152":{"start":{"line":270,"column":6},"end":{"line":270,"column":51}},"153":{"start":{"line":275,"column":23},"end":{"line":294,"column":3}},"154":{"start":{"line":276,"column":4},"end":{"line":293,"column":5}},"155":{"start":{"line":277,"column":19},"end":{"line":277,"column":35}},"156":{"start":{"line":278,"column":6},"end":{"line":290,"column":7}},"157":{"start":{"line":279,"column":8},"end":{"line":287,"column":11}},"158":{"start":{"line":288,"column":8},"end":{"line":288,"column":29}},"159":{"start":{"line":289,"column":8},"end":{"line":289,"column":28}},"160":{"start":{"line":292,"column":6},"end":{"line":292,"column":51}},"161":{"start":{"line":297,"column":2},"end":{"line":332,"column":4}}},"fnMap":{"0":{"name":"(anonymous_0)","decl":{"start":{"line":21,"column":38},"end":{"line":21,"column":39}},"loc":{"start":{"line":21,"column":44},"end":{"line":333,"column":1}},"line":21},"1":{"name":"(anonymous_1)","decl":{"start":{"line":46,"column":12},"end":{"line":46,"column":13}},"loc":{"start":{"line":46,"column":18},"end":{"line":56,"column":3}},"line":46},"2":{"name":"(anonymous_2)","decl":{"start":{"line":47,"column":27},"end":{"line":47,"column":28}},"loc":{"start":{"line":47,"column":39},"end":{"line":54,"column":5}},"line":47},"3":{"name":"(anonymous_3)","decl":{"start":{"line":59,"column":12},"end":{"line":59,"column":13}},"loc":{"start":{"line":59,"column":18},"end":{"line":73,"column":3}},"line":59},"4":{"name":"(anonymous_4)","decl":{"start":{"line":65,"column":48},"end":{"line":65,"column":49}},"loc":{"start":{"line":65,"column":58},"end":{"line":71,"column":5}},"line":65},"5":{"name":"(anonymous_5)","decl":{"start":{"line":72,"column":11},"end":{"line":72,"column":12}},"loc":{"start":{"line":72,"column":17},"end":{"line":72,"column":30}},"line":72},"6":{"name":"(anonymous_6)","decl":{"start":{"line":76,"column":12},"end":{"line":76,"column":13}},"loc":{"start":{"line":76,"column":18},"end":{"line":93,"column":3}},"line":76},"7":{"name":"(anonymous_7)","decl":{"start":{"line":79,"column":29},"end":{"line":79,"column":30}},"loc":{"start":{"line":79,"column":41},"end":{"line":91,"column":5}},"line":79},"8":{"name":"(anonymous_8)","decl":{"start":{"line":96,"column":12},"end":{"line":96,"column":13}},"loc":{"start":{"line":96,"column":18},"end":{"line":132,"column":3}},"line":96},"9":{"name":"(anonymous_9)","decl":{"start":{"line":102,"column":58},"end":{"line":102,"column":59}},"loc":{"start":{"line":102,"column":72},"end":{"line":110,"column":5}},"line":102},"10":{"name":"(anonymous_10)","decl":{"start":{"line":103,"column":45},"end":{"line":103,"column":46}},"loc":{"start":{"line":103,"column":53},"end":{"line":107,"column":7}},"line":103},"11":{"name":"(anonymous_11)","decl":{"start":{"line":109,"column":41},"end":{"line":109,"column":42}},"loc":{"start":{"line":109,"column":48},"end":{"line":109,"column":57}},"line":109},"12":{"name":"(anonymous_12)","decl":{"start":{"line":117,"column":55},"end":{"line":117,"column":56}},"loc":{"start":{"line":117,"column":75},"end":{"line":126,"column":5}},"line":117},"13":{"name":"(anonymous_13)","decl":{"start":{"line":118,"column":40},"end":{"line":118,"column":41}},"loc":{"start":{"line":118,"column":48},"end":{"line":118,"column":77}},"line":118},"14":{"name":"(anonymous_14)","decl":{"start":{"line":120,"column":20},"end":{"line":120,"column":21}},"loc":{"start":{"line":120,"column":36},"end":{"line":123,"column":9}},"line":120},"15":{"name":"(anonymous_15)","decl":{"start":{"line":128,"column":11},"end":{"line":128,"column":12}},"loc":{"start":{"line":128,"column":17},"end":{"line":131,"column":5}},"line":128},"16":{"name":"(anonymous_16)","decl":{"start":{"line":135,"column":12},"end":{"line":135,"column":13}},"loc":{"start":{"line":135,"column":18},"end":{"line":162,"column":3}},"line":135},"17":{"name":"(anonymous_17)","decl":{"start":{"line":138,"column":26},"end":{"line":138,"column":27}},"loc":{"start":{"line":138,"column":38},"end":{"line":160,"column":5}},"line":138},"18":{"name":"(anonymous_18)","decl":{"start":{"line":143,"column":33},"end":{"line":143,"column":34}},"loc":{"start":{"line":143,"column":52},"end":{"line":154,"column":11}},"line":143},"19":{"name":"(anonymous_19)","decl":{"start":{"line":165,"column":12},"end":{"line":165,"column":13}},"loc":{"start":{"line":165,"column":18},"end":{"line":179,"column":3}},"line":165},"20":{"name":"(anonymous_20)","decl":{"start":{"line":168,"column":28},"end":{"line":168,"column":29}},"loc":{"start":{"line":168,"column":40},"end":{"line":177,"column":5}},"line":168},"21":{"name":"(anonymous_21)","decl":{"start":{"line":172,"column":44},"end":{"line":172,"column":45}},"loc":{"start":{"line":172,"column":52},"end":{"line":172,"column":81}},"line":172},"22":{"name":"(anonymous_22)","decl":{"start":{"line":182,"column":12},"end":{"line":182,"column":13}},"loc":{"start":{"line":182,"column":18},"end":{"line":184,"column":3}},"line":182},"23":{"name":"(anonymous_23)","decl":{"start":{"line":187,"column":23},"end":{"line":187,"column":24}},"loc":{"start":{"line":187,"column":29},"end":{"line":208,"column":3}},"line":187},"24":{"name":"(anonymous_24)","decl":{"start":{"line":195,"column":40},"end":{"line":195,"column":41}},"loc":{"start":{"line":195,"column":48},"end":{"line":199,"column":5}},"line":195},"25":{"name":"(anonymous_25)","decl":{"start":{"line":204,"column":41},"end":{"line":204,"column":42}},"loc":{"start":{"line":204,"column":47},"end":{"line":206,"column":5}},"line":204},"26":{"name":"(anonymous_26)","decl":{"start":{"line":211,"column":28},"end":{"line":211,"column":29}},"loc":{"start":{"line":211,"column":49},"end":{"line":219,"column":3}},"line":211},"27":{"name":"(anonymous_27)","decl":{"start":{"line":222,"column":29},"end":{"line":222,"column":30}},"loc":{"start":{"line":222,"column":42},"end":{"line":236,"column":3}},"line":222},"28":{"name":"(anonymous_28)","decl":{"start":{"line":239,"column":27},"end":{"line":239,"column":28}},"loc":{"start":{"line":239,"column":33},"end":{"line":239,"column":68}},"line":239},"29":{"name":"(anonymous_29)","decl":{"start":{"line":240,"column":28},"end":{"line":240,"column":29}},"loc":{"start":{"line":240,"column":34},"end":{"line":240,"column":69}},"line":240},"30":{"name":"(anonymous_30)","decl":{"start":{"line":241,"column":27},"end":{"line":241,"column":28}},"loc":{"start":{"line":241,"column":33},"end":{"line":244,"column":3}},"line":241},"31":{"name":"(anonymous_31)","decl":{"start":{"line":245,"column":28},"end":{"line":245,"column":29}},"loc":{"start":{"line":245,"column":35},"end":{"line":249,"column":3}},"line":245},"32":{"name":"(anonymous_32)","decl":{"start":{"line":250,"column":22},"end":{"line":250,"column":23}},"loc":{"start":{"line":250,"column":28},"end":{"line":254,"column":3}},"line":250},"33":{"name":"(anonymous_33)","decl":{"start":{"line":257,"column":19},"end":{"line":257,"column":20}},"loc":{"start":{"line":257,"column":86},"end":{"line":272,"column":3}},"line":257},"34":{"name":"(anonymous_34)","decl":{"start":{"line":275,"column":23},"end":{"line":275,"column":24}},"loc":{"start":{"line":275,"column":35},"end":{"line":294,"column":3}},"line":275}},"branchMap":{"0":{"loc":{"start":{"line":61,"column":4},"end":{"line":64,"column":5}},"type":"if","locations":[{"start":{"line":61,"column":4},"end":{"line":64,"column":5}},{"start":{},"end":{}}],"line":61},"1":{"loc":{"start":{"line":66,"column":6},"end":{"line":70,"column":7}},"type":"if","locations":[{"start":{"line":66,"column":6},"end":{"line":70,"column":7}},{"start":{"line":67,"column":11},"end":{"line":70,"column":7}}],"line":66},"2":{"loc":{"start":{"line":77,"column":4},"end":{"line":77,"column":24}},"type":"if","locations":[{"start":{"line":77,"column":4},"end":{"line":77,"column":24}},{"start":{},"end":{}}],"line":77},"3":{"loc":{"start":{"line":82,"column":8},"end":{"line":87,"column":9}},"type":"if","locations":[{"start":{"line":82,"column":8},"end":{"line":87,"column":9}},{"start":{"line":85,"column":15},"end":{"line":87,"column":9}}],"line":82},"4":{"loc":{"start":{"line":84,"column":22},"end":{"line":84,"column":57}},"type":"binary-expr","locations":[{"start":{"line":84,"column":22},"end":{"line":84,"column":41}},{"start":{"line":84,"column":45},"end":{"line":84,"column":57}}],"line":84},"5":{"loc":{"start":{"line":97,"column":4},"end":{"line":97,"column":24}},"type":"if","locations":[{"start":{"line":97,"column":4},"end":{"line":97,"column":24}},{"start":{},"end":{}}],"line":97},"6":{"loc":{"start":{"line":106,"column":19},"end":{"line":106,"column":63}},"type":"binary-expr","locations":[{"start":{"line":106,"column":19},"end":{"line":106,"column":49}},{"start":{"line":106,"column":53},"end":{"line":106,"column":63}}],"line":106},"7":{"loc":{"start":{"line":122,"column":17},"end":{"line":122,"column":89}},"type":"cond-expr","locations":[{"start":{"line":122,"column":39},"end":{"line":122,"column":82}},{"start":{"line":122,"column":85},"end":{"line":122,"column":89}}],"line":122},"8":{"loc":{"start":{"line":136,"column":4},"end":{"line":136,"column":39}},"type":"if","locations":[{"start":{"line":136,"column":4},"end":{"line":136,"column":39}},{"start":{},"end":{}}],"line":136},"9":{"loc":{"start":{"line":136,"column":8},"end":{"line":136,"column":30}},"type":"binary-expr","locations":[{"start":{"line":136,"column":8},"end":{"line":136,"column":15}},{"start":{"line":136,"column":19},"end":{"line":136,"column":30}}],"line":136},"10":{"loc":{"start":{"line":149,"column":32},"end":{"line":149,"column":105}},"type":"cond-expr","locations":[{"start":{"line":149,"column":57},"end":{"line":149,"column":82}},{"start":{"line":149,"column":85},"end":{"line":149,"column":105}}],"line":149},"11":{"loc":{"start":{"line":166,"column":4},"end":{"line":166,"column":39}},"type":"if","locations":[{"start":{"line":166,"column":4},"end":{"line":166,"column":39}},{"start":{},"end":{}}],"line":166},"12":{"loc":{"start":{"line":166,"column":8},"end":{"line":166,"column":30}},"type":"binary-expr","locations":[{"start":{"line":166,"column":8},"end":{"line":166,"column":15}},{"start":{"line":166,"column":19},"end":{"line":166,"column":30}}],"line":166},"13":{"loc":{"start":{"line":188,"column":4},"end":{"line":192,"column":5}},"type":"if","locations":[{"start":{"line":188,"column":4},"end":{"line":192,"column":5}},{"start":{},"end":{}}],"line":188},"14":{"loc":{"start":{"line":196,"column":20},"end":{"line":196,"column":51}},"type":"binary-expr","locations":[{"start":{"line":196,"column":20},"end":{"line":196,"column":45}},{"start":{"line":196,"column":49},"end":{"line":196,"column":51}}],"line":196},"15":{"loc":{"start":{"line":197,"column":29},"end":{"line":197,"column":69}},"type":"binary-expr","locations":[{"start":{"line":197,"column":29},"end":{"line":197,"column":63}},{"start":{"line":197,"column":67},"end":{"line":197,"column":69}}],"line":197},"16":{"loc":{"start":{"line":198,"column":13},"end":{"line":198,"column":88}},"type":"binary-expr","locations":[{"start":{"line":198,"column":13},"end":{"line":198,"column":44}},{"start":{"line":198,"column":48},"end":{"line":198,"column":88}}],"line":198},"17":{"loc":{"start":{"line":224,"column":4},"end":{"line":235,"column":5}},"type":"switch","locations":[{"start":{"line":225,"column":6},"end":{"line":227,"column":14}},{"start":{"line":228,"column":6},"end":{"line":230,"column":14}},{"start":{"line":231,"column":6},"end":{"line":233,"column":14}},{"start":{"line":234,"column":6},"end":{"line":234,"column":21}}],"line":224},"18":{"loc":{"start":{"line":278,"column":6},"end":{"line":290,"column":7}},"type":"if","locations":[{"start":{"line":278,"column":6},"end":{"line":290,"column":7}},{"start":{},"end":{}}],"line":278},"19":{"loc":{"start":{"line":282,"column":20},"end":{"line":282,"column":45}},"type":"binary-expr","locations":[{"start":{"line":282,"column":20},"end":{"line":282,"column":36}},{"start":{"line":282,"column":40},"end":{"line":282,"column":45}}],"line":282}},"s":{"0":1,"1":11,"2":11,"3":11,"4":11,"5":11,"6":11,"7":11,"8":11,"9":11,"10":11,"11":11,"12":11,"13":11,"14":11,"15":11,"16":11,"17":11,"18":11,"19":11,"20":11,"21":11,"22":4,"23":4,"24":4,"25":4,"26":0,"27":4,"28":11,"29":11,"30":11,"31":11,"32":11,"33":0,"34":0,"35":0,"36":0,"37":0,"38":0,"39":0,"40":11,"41":11,"42":11,"43":0,"44":0,"45":0,"46":0,"47":0,"48":0,"49":0,"50":0,"51":0,"52":11,"53":4,"54":4,"55":0,"56":0,"57":0,"58":0,"59":0,"60":0,"61":0,"62":0,"63":0,"64":0,"65":0,"66":0,"67":0,"68":0,"69":0,"70":0,"71":0,"72":0,"73":0,"74":11,"75":4,"76":4,"77":0,"78":0,"79":0,"80":0,"81":0,"82":0,"83":0,"84":0,"85":0,"86":0,"87":0,"88":0,"89":0,"90":11,"91":4,"92":4,"93":0,"94":0,"95":0,"96":0,"97":0,"98":0,"99":0,"100":0,"101":0,"102":11,"103":4,"104":11,"105":1,"106":1,"107":1,"108":1,"109":0,"110":0,"111":0,"112":0,"113":0,"114":0,"115":0,"116":0,"117":0,"118":0,"119":0,"120":11,"121":0,"122":0,"123":0,"124":11,"125":0,"126":0,"127":0,"128":0,"129":0,"130":0,"131":0,"132":0,"133":0,"134":11,"135":0,"136":11,"137":0,"138":11,"139":0,"140":0,"141":11,"142":0,"143":0,"144":0,"145":11,"146":1,"147":1,"148":1,"149":11,"150":1,"151":1,"152":0,"153":11,"154":1,"155":1,"156":1,"157":1,"158":1,"159":1,"160":0,"161":11},"f":{"0":11,"1":4,"2":4,"3":11,"4":0,"5":0,"6":11,"7":0,"8":4,"9":0,"10":0,"11":0,"12":0,"13":0,"14":0,"15":0,"16":4,"17":0,"18":0,"19":4,"20":0,"21":0,"22":4,"23":1,"24":0,"25":0,"26":0,"27":0,"28":0,"29":0,"30":0,"31":0,"32":1,"33":1,"34":1},"b":{"0":[11,0],"1":[0,0],"2":[11,0],"3":[0,0],"4":[0,0],"5":[4,0],"6":[0,0],"7":[0,0],"8":[4,0],"9":[4,0],"10":[0,0],"11":[4,0],"12":[4,0],"13":[1,0],"14":[0,0],"15":[0,0],"16":[0,0],"17":[0,0,0,0],"18":[1,0],"19":[1,0]},"_coverageSchema":"1a1c01bbd47fc00a2c39e90264f33305004495a9","hash":"1ee0b8efe8c8b436e109d3bf63b68b7b1d4de860"}
,"C:\\Users\\prist\\OneDrive\\Documents\\Desktop\\University-Research-Collaboration-Platform-1\\src\\pages\\Researcher\\researcherEditProfileLogic.js": {"path":"C:\\Users\\prist\\OneDrive\\Documents\\Desktop\\University-Research-Collaboration-Platform-1\\src\\pages\\Researcher\\researcherEditProfileLogic.js","statementMap":{"0":{"start":{"line":9,"column":35},"end":{"line":109,"column":1}},"1":{"start":{"line":10,"column":19},"end":{"line":10,"column":32}},"2":{"start":{"line":11,"column":32},"end":{"line":18,"column":4}},"3":{"start":{"line":19,"column":30},"end":{"line":19,"column":44}},"4":{"start":{"line":21,"column":2},"end":{"line":39,"column":17}},"5":{"start":{"line":22,"column":27},"end":{"line":37,"column":5}},"6":{"start":{"line":23,"column":20},"end":{"line":23,"column":53}},"7":{"start":{"line":24,"column":6},"end":{"line":27,"column":7}},"8":{"start":{"line":25,"column":8},"end":{"line":25,"column":28}},"9":{"start":{"line":26,"column":8},"end":{"line":26,"column":15}},"10":{"start":{"line":28,"column":26},"end":{"line":35,"column":8}},"11":{"start":{"line":29,"column":8},"end":{"line":34,"column":9}},"12":{"start":{"line":30,"column":10},"end":{"line":30,"column":30}},"13":{"start":{"line":32,"column":10},"end":{"line":32,"column":47}},"14":{"start":{"line":33,"column":10},"end":{"line":33,"column":30}},"15":{"start":{"line":36,"column":6},"end":{"line":36,"column":33}},"16":{"start":{"line":36,"column":19},"end":{"line":36,"column":32}},"17":{"start":{"line":38,"column":4},"end":{"line":38,"column":21}},"18":{"start":{"line":41,"column":2},"end":{"line":63,"column":15}},"19":{"start":{"line":42,"column":25},"end":{"line":61,"column":5}},"20":{"start":{"line":43,"column":6},"end":{"line":43,"column":26}},"21":{"start":{"line":43,"column":19},"end":{"line":43,"column":26}},"22":{"start":{"line":44,"column":6},"end":{"line":60,"column":7}},"23":{"start":{"line":45,"column":27},"end":{"line":45,"column":51}},"24":{"start":{"line":46,"column":24},"end":{"line":46,"column":48}},"25":{"start":{"line":47,"column":8},"end":{"line":57,"column":9}},"26":{"start":{"line":48,"column":23},"end":{"line":48,"column":37}},"27":{"start":{"line":49,"column":10},"end":{"line":56,"column":13}},"28":{"start":{"line":59,"column":8},"end":{"line":59,"column":56}},"29":{"start":{"line":62,"column":4},"end":{"line":62,"column":19}},"30":{"start":{"line":65,"column":23},"end":{"line":72,"column":3}},"31":{"start":{"line":66,"column":35},"end":{"line":66,"column":43}},"32":{"start":{"line":67,"column":4},"end":{"line":71,"column":5}},"33":{"start":{"line":68,"column":6},"end":{"line":68,"column":59}},"34":{"start":{"line":70,"column":6},"end":{"line":70,"column":48}},"35":{"start":{"line":74,"column":23},"end":{"line":100,"column":3}},"36":{"start":{"line":75,"column":4},"end":{"line":75,"column":23}},"37":{"start":{"line":76,"column":4},"end":{"line":79,"column":5}},"38":{"start":{"line":77,"column":6},"end":{"line":77,"column":43}},"39":{"start":{"line":78,"column":6},"end":{"line":78,"column":13}},"40":{"start":{"line":80,"column":4},"end":{"line":99,"column":5}},"41":{"start":{"line":81,"column":24},"end":{"line":81,"column":38}},"42":{"start":{"line":82,"column":6},"end":{"line":89,"column":7}},"43":{"start":{"line":83,"column":27},"end":{"line":83,"column":68}},"44":{"start":{"line":84,"column":8},"end":{"line":84,"column":62}},"45":{"start":{"line":85,"column":28},"end":{"line":85,"column":60}},"46":{"start":{"line":86,"column":8},"end":{"line":86,"column":49}},"47":{"start":{"line":87,"column":13},"end":{"line":89,"column":7}},"48":{"start":{"line":88,"column":8},"end":{"line":88,"column":42}},"49":{"start":{"line":90,"column":6},"end":{"line":94,"column":9}},"50":{"start":{"line":91,"column":8},"end":{"line":93,"column":9}},"51":{"start":{"line":92,"column":10},"end":{"line":92,"column":34}},"52":{"start":{"line":95,"column":6},"end":{"line":95,"column":58}},"53":{"start":{"line":96,"column":6},"end":{"line":96,"column":38}},"54":{"start":{"line":98,"column":6},"end":{"line":98,"column":59}},"55":{"start":{"line":102,"column":2},"end":{"line":108,"column":4}}},"fnMap":{"0":{"name":"(anonymous_0)","decl":{"start":{"line":9,"column":35},"end":{"line":9,"column":36}},"loc":{"start":{"line":9,"column":41},"end":{"line":109,"column":1}},"line":9},"1":{"name":"(anonymous_1)","decl":{"start":{"line":21,"column":12},"end":{"line":21,"column":13}},"loc":{"start":{"line":21,"column":18},"end":{"line":39,"column":3}},"line":21},"2":{"name":"(anonymous_2)","decl":{"start":{"line":22,"column":27},"end":{"line":22,"column":28}},"loc":{"start":{"line":22,"column":39},"end":{"line":37,"column":5}},"line":22},"3":{"name":"(anonymous_3)","decl":{"start":{"line":28,"column":50},"end":{"line":28,"column":51}},"loc":{"start":{"line":28,"column":60},"end":{"line":35,"column":7}},"line":28},"4":{"name":"(anonymous_4)","decl":{"start":{"line":36,"column":13},"end":{"line":36,"column":14}},"loc":{"start":{"line":36,"column":19},"end":{"line":36,"column":32}},"line":36},"5":{"name":"(anonymous_5)","decl":{"start":{"line":41,"column":12},"end":{"line":41,"column":13}},"loc":{"start":{"line":41,"column":18},"end":{"line":63,"column":3}},"line":41},"6":{"name":"(anonymous_6)","decl":{"start":{"line":42,"column":25},"end":{"line":42,"column":26}},"loc":{"start":{"line":42,"column":37},"end":{"line":61,"column":5}},"line":42},"7":{"name":"(anonymous_7)","decl":{"start":{"line":65,"column":23},"end":{"line":65,"column":24}},"loc":{"start":{"line":65,"column":30},"end":{"line":72,"column":3}},"line":65},"8":{"name":"(anonymous_8)","decl":{"start":{"line":74,"column":23},"end":{"line":74,"column":24}},"loc":{"start":{"line":74,"column":36},"end":{"line":100,"column":3}},"line":74},"9":{"name":"(anonymous_9)","decl":{"start":{"line":90,"column":39},"end":{"line":90,"column":40}},"loc":{"start":{"line":90,"column":48},"end":{"line":94,"column":7}},"line":90}},"branchMap":{"0":{"loc":{"start":{"line":24,"column":6},"end":{"line":27,"column":7}},"type":"if","locations":[{"start":{"line":24,"column":6},"end":{"line":27,"column":7}},{"start":{},"end":{}}],"line":24},"1":{"loc":{"start":{"line":29,"column":8},"end":{"line":34,"column":9}},"type":"if","locations":[{"start":{"line":29,"column":8},"end":{"line":34,"column":9}},{"start":{"line":31,"column":15},"end":{"line":34,"column":9}}],"line":29},"2":{"loc":{"start":{"line":43,"column":6},"end":{"line":43,"column":26}},"type":"if","locations":[{"start":{"line":43,"column":6},"end":{"line":43,"column":26}},{"start":{},"end":{}}],"line":43},"3":{"loc":{"start":{"line":47,"column":8},"end":{"line":57,"column":9}},"type":"if","locations":[{"start":{"line":47,"column":8},"end":{"line":57,"column":9}},{"start":{},"end":{}}],"line":47},"4":{"loc":{"start":{"line":50,"column":19},"end":{"line":50,"column":35}},"type":"binary-expr","locations":[{"start":{"line":50,"column":19},"end":{"line":50,"column":29}},{"start":{"line":50,"column":33},"end":{"line":50,"column":35}}],"line":50},"5":{"loc":{"start":{"line":51,"column":18},"end":{"line":51,"column":33}},"type":"binary-expr","locations":[{"start":{"line":51,"column":18},"end":{"line":51,"column":27}},{"start":{"line":51,"column":31},"end":{"line":51,"column":33}}],"line":51},"6":{"loc":{"start":{"line":52,"column":19},"end":{"line":52,"column":35}},"type":"binary-expr","locations":[{"start":{"line":52,"column":19},"end":{"line":52,"column":29}},{"start":{"line":52,"column":33},"end":{"line":52,"column":35}}],"line":52},"7":{"loc":{"start":{"line":53,"column":26},"end":{"line":53,"column":49}},"type":"binary-expr","locations":[{"start":{"line":53,"column":26},"end":{"line":53,"column":43}},{"start":{"line":53,"column":47},"end":{"line":53,"column":49}}],"line":53},"8":{"loc":{"start":{"line":54,"column":23},"end":{"line":54,"column":43}},"type":"binary-expr","locations":[{"start":{"line":54,"column":23},"end":{"line":54,"column":37}},{"start":{"line":54,"column":41},"end":{"line":54,"column":43}}],"line":54},"9":{"loc":{"start":{"line":55,"column":28},"end":{"line":55,"column":55}},"type":"binary-expr","locations":[{"start":{"line":55,"column":28},"end":{"line":55,"column":47}},{"start":{"line":55,"column":51},"end":{"line":55,"column":55}}],"line":55},"10":{"loc":{"start":{"line":67,"column":4},"end":{"line":71,"column":5}},"type":"if","locations":[{"start":{"line":67,"column":4},"end":{"line":71,"column":5}},{"start":{"line":69,"column":11},"end":{"line":71,"column":5}}],"line":67},"11":{"loc":{"start":{"line":76,"column":4},"end":{"line":79,"column":5}},"type":"if","locations":[{"start":{"line":76,"column":4},"end":{"line":79,"column":5}},{"start":{},"end":{}}],"line":76},"12":{"loc":{"start":{"line":82,"column":6},"end":{"line":89,"column":7}},"type":"if","locations":[{"start":{"line":82,"column":6},"end":{"line":89,"column":7}},{"start":{"line":87,"column":13},"end":{"line":89,"column":7}}],"line":82},"13":{"loc":{"start":{"line":87,"column":13},"end":{"line":89,"column":7}},"type":"if","locations":[{"start":{"line":87,"column":13},"end":{"line":89,"column":7}},{"start":{},"end":{}}],"line":87},"14":{"loc":{"start":{"line":91,"column":8},"end":{"line":93,"column":9}},"type":"if","locations":[{"start":{"line":91,"column":8},"end":{"line":93,"column":9}},{"start":{},"end":{}}],"line":91}},"s":{"0":1,"1":4,"2":4,"3":4,"4":4,"5":4,"6":4,"7":4,"8":4,"9":4,"10":0,"11":0,"12":0,"13":0,"14":0,"15":0,"16":0,"17":4,"18":4,"19":3,"20":3,"21":3,"22":0,"23":0,"24":0,"25":0,"26":0,"27":0,"28":0,"29":3,"30":4,"31":1,"32":1,"33":0,"34":1,"35":4,"36":1,"37":1,"38":1,"39":1,"40":0,"41":0,"42":0,"43":0,"44":0,"45":0,"46":0,"47":0,"48":0,"49":0,"50":0,"51":0,"52":0,"53":0,"54":0,"55":4},"f":{"0":4,"1":4,"2":4,"3":0,"4":0,"5":3,"6":3,"7":1,"8":1,"9":0},"b":{"0":[4,0],"1":[0,0],"2":[3,0],"3":[0,0],"4":[0,0],"5":[0,0],"6":[0,0],"7":[0,0],"8":[0,0],"9":[0,0],"10":[0,1],"11":[1,0],"12":[0,0],"13":[0,0],"14":[0,0]},"_coverageSchema":"1a1c01bbd47fc00a2c39e90264f33305004495a9","hash":"428f044bc7b737af92cfb12b4f6c51010dd33452"}
,"C:\\Users\\prist\\OneDrive\\Documents\\Desktop\\University-Research-Collaboration-Platform-1\\src\\utils\\sendMessage.js": {"path":"C:\\Users\\prist\\OneDrive\\Documents\\Desktop\\University-Research-Collaboration-Platform-1\\src\\utils\\sendMessage.js","statementMap":{"0":{"start":{"line":6,"column":27},"end":{"line":18,"column":1}},"1":{"start":{"line":7,"column":2},"end":{"line":17,"column":3}},"2":{"start":{"line":8,"column":4},"end":{"line":12,"column":7}},"3":{"start":{"line":13,"column":4},"end":{"line":13,"column":16}},"4":{"start":{"line":15,"column":4},"end":{"line":15,"column":51}},"5":{"start":{"line":16,"column":4},"end":{"line":16,"column":17}},"6":{"start":{"line":21,"column":28},"end":{"line":26,"column":1}}},"fnMap":{"0":{"name":"(anonymous_0)","decl":{"start":{"line":6,"column":27},"end":{"line":6,"column":28}},"loc":{"start":{"line":6,"column":63},"end":{"line":18,"column":1}},"line":6}},"branchMap":{},"s":{"0":1,"1":0,"2":0,"3":0,"4":0,"5":0,"6":1},"f":{"0":0},"b":{},"_coverageSchema":"1a1c01bbd47fc00a2c39e90264f33305004495a9","hash":"87f26bba1b5112b3914551665d334d2f96af6072"}
}
