{"C:\\Users\\AdmiN\\University-Research-Collaboration-Platform\\src\\config\\firebaseConfig.js": {"path":"C:\\Users\\AdmiN\\University-Research-Collaboration-Platform\\src\\config\\firebaseConfig.js","statementMap":{"0":{"start":{"line":7,"column":23},"end":{"line":15,"column":1}},"1":{"start":{"line":18,"column":12},"end":{"line":18,"column":41}},"2":{"start":{"line":21,"column":20},"end":{"line":21,"column":32}},"3":{"start":{"line":22,"column":24},"end":{"line":22,"column":48}},"4":{"start":{"line":23,"column":18},"end":{"line":23,"column":35}},"5":{"start":{"line":24,"column":23},"end":{"line":24,"column":38}}},"fnMap":{},"branchMap":{},"s":{"0":1,"1":1,"2":1,"3":1,"4":1,"5":1},"f":{},"b":{},"_coverageSchema":"1a1c01bbd47fc00a2c39e90264f33305004495a9","hash":"801f2a0a6107d92df99a080ff591c0e818902e5b"}
,"C:\\Users\\AdmiN\\University-Research-Collaboration-Platform\\src\\pages\\LandingPage.jsx": {"path":"C:\\Users\\AdmiN\\University-Research-Collaboration-Platform\\src\\pages\\LandingPage.jsx","statementMap":{"0":{"start":{"line":10,"column":2},"end":{"line":17,"column":4}}},"fnMap":{"0":{"name":"LandingPage","decl":{"start":{"line":9,"column":9},"end":{"line":9,"column":20}},"loc":{"start":{"line":9,"column":23},"end":{"line":18,"column":1}},"line":9}},"branchMap":{},"s":{"0":4},"f":{"0":4},"b":{},"_coverageSchema":"1a1c01bbd47fc00a2c39e90264f33305004495a9","hash":"94fe8e4c126d5500d7c648922d324ccb315aa907"}
,"C:\\Users\\AdmiN\\University-Research-Collaboration-Platform\\src\\pages\\TermsAndConditions.jsx": {"path":"C:\\Users\\AdmiN\\University-Research-Collaboration-Platform\\src\\pages\\TermsAndConditions.jsx","statementMap":{"0":{"start":{"line":9,"column":27},"end":{"line":74,"column":1}},"1":{"start":{"line":10,"column":19},"end":{"line":10,"column":32}},"2":{"start":{"line":12,"column":2},"end":{"line":73,"column":4}},"3":{"start":{"line":15,"column":45},"end":{"line":15,"column":57}}},"fnMap":{"0":{"name":"(anonymous_0)","decl":{"start":{"line":9,"column":27},"end":{"line":9,"column":28}},"loc":{"start":{"line":9,"column":33},"end":{"line":74,"column":1}},"line":9},"1":{"name":"(anonymous_1)","decl":{"start":{"line":15,"column":39},"end":{"line":15,"column":40}},"loc":{"start":{"line":15,"column":45},"end":{"line":15,"column":57}},"line":15}},"branchMap":{},"s":{"0":1,"1":5,"2":5,"3":0},"f":{"0":5,"1":0},"b":{},"_coverageSchema":"1a1c01bbd47fc00a2c39e90264f33305004495a9","hash":"d12de747f78a93c212a754a904e09e0075ef9d5d"}
,"C:\\Users\\AdmiN\\University-Research-Collaboration-Platform\\src\\pages\\Admin\\AdminPage.jsx": {"path":"C:\\Users\\AdmiN\\University-Research-Collaboration-Platform\\src\\pages\\Admin\\AdminPage.jsx","statementMap":{"0":{"start":{"line":12,"column":36},"end":{"line":12,"column":56}},"1":{"start":{"line":14,"column":17},"end":{"line":42,"column":3}},"2":{"start":{"line":43,"column":2},"end":{"line":43,"column":42}},"3":{"start":{"line":44,"column":2},"end":{"line":84,"column":4}}},"fnMap":{"0":{"name":"AdminPage","decl":{"start":{"line":11,"column":24},"end":{"line":11,"column":33}},"loc":{"start":{"line":11,"column":64},"end":{"line":85,"column":1}},"line":11}},"branchMap":{"0":{"loc":{"start":{"line":11,"column":36},"end":{"line":11,"column":60}},"type":"default-arg","locations":[{"start":{"line":11,"column":49},"end":{"line":11,"column":60}}],"line":11},"1":{"loc":{"start":{"line":51,"column":3},"end":{"line":61,"column":23}},"type":"cond-expr","locations":[{"start":{"line":52,"column":6},"end":{"line":52,"column":17}},{"start":{"line":53,"column":6},"end":{"line":61,"column":23}}],"line":51},"2":{"loc":{"start":{"line":53,"column":6},"end":{"line":61,"column":23}},"type":"cond-expr","locations":[{"start":{"line":54,"column":6},"end":{"line":54,"column":19}},{"start":{"line":55,"column":6},"end":{"line":61,"column":23}}],"line":53},"3":{"loc":{"start":{"line":55,"column":6},"end":{"line":61,"column":23}},"type":"cond-expr","locations":[{"start":{"line":56,"column":6},"end":{"line":56,"column":26}},{"start":{"line":57,"column":6},"end":{"line":61,"column":23}}],"line":55},"4":{"loc":{"start":{"line":57,"column":6},"end":{"line":61,"column":23}},"type":"cond-expr","locations":[{"start":{"line":58,"column":6},"end":{"line":58,"column":21}},{"start":{"line":59,"column":6},"end":{"line":61,"column":23}}],"line":57},"5":{"loc":{"start":{"line":59,"column":6},"end":{"line":61,"column":23}},"type":"cond-expr","locations":[{"start":{"line":60,"column":6},"end":{"line":60,"column":24}},{"start":{"line":61,"column":6},"end":{"line":61,"column":23}}],"line":59},"6":{"loc":{"start":{"line":64,"column":13},"end":{"line":74,"column":55}},"type":"cond-expr","locations":[{"start":{"line":65,"column":16},"end":{"line":65,"column":60}},{"start":{"line":66,"column":16},"end":{"line":74,"column":55}}],"line":64},"7":{"loc":{"start":{"line":66,"column":16},"end":{"line":74,"column":55}},"type":"cond-expr","locations":[{"start":{"line":67,"column":16},"end":{"line":67,"column":60}},{"start":{"line":68,"column":16},"end":{"line":74,"column":55}}],"line":66},"8":{"loc":{"start":{"line":68,"column":16},"end":{"line":74,"column":55}},"type":"cond-expr","locations":[{"start":{"line":69,"column":16},"end":{"line":69,"column":61}},{"start":{"line":70,"column":16},"end":{"line":74,"column":55}}],"line":68},"9":{"loc":{"start":{"line":70,"column":16},"end":{"line":74,"column":55}},"type":"cond-expr","locations":[{"start":{"line":71,"column":16},"end":{"line":71,"column":56}},{"start":{"line":72,"column":16},"end":{"line":74,"column":55}}],"line":70},"10":{"loc":{"start":{"line":72,"column":16},"end":{"line":74,"column":55}},"type":"cond-expr","locations":[{"start":{"line":73,"column":16},"end":{"line":73,"column":59}},{"start":{"line":74,"column":16},"end":{"line":74,"column":55}}],"line":72},"11":{"loc":{"start":{"line":77,"column":9},"end":{"line":77,"column":51}},"type":"binary-expr","locations":[{"start":{"line":77,"column":9},"end":{"line":77,"column":34}},{"start":{"line":77,"column":38},"end":{"line":77,"column":51}}],"line":77},"12":{"loc":{"start":{"line":78,"column":9},"end":{"line":78,"column":45}},"type":"binary-expr","locations":[{"start":{"line":78,"column":9},"end":{"line":78,"column":29}},{"start":{"line":78,"column":33},"end":{"line":78,"column":45}}],"line":78},"13":{"loc":{"start":{"line":79,"column":9},"end":{"line":79,"column":61}},"type":"binary-expr","locations":[{"start":{"line":79,"column":9},"end":{"line":79,"column":36}},{"start":{"line":79,"column":40},"end":{"line":79,"column":61}}],"line":79},"14":{"loc":{"start":{"line":80,"column":9},"end":{"line":80,"column":51}},"type":"binary-expr","locations":[{"start":{"line":80,"column":9},"end":{"line":80,"column":31}},{"start":{"line":80,"column":35},"end":{"line":80,"column":51}}],"line":80},"15":{"loc":{"start":{"line":81,"column":9},"end":{"line":81,"column":57}},"type":"binary-expr","locations":[{"start":{"line":81,"column":9},"end":{"line":81,"column":34}},{"start":{"line":81,"column":38},"end":{"line":81,"column":57}}],"line":81}},"s":{"0":12,"1":12,"2":12,"3":12},"f":{"0":12},"b":{"0":[11],"1":[6,6],"2":[1,5],"3":[2,3],"4":[1,2],"5":[2,0],"6":[6,6],"7":[1,5],"8":[2,3],"9":[1,2],"10":[2,0],"11":[12,6],"12":[12,1],"13":[12,2],"14":[12,1],"15":[12,2]},"_coverageSchema":"1a1c01bbd47fc00a2c39e90264f33305004495a9","hash":"2e9a8952ef365a497b598970b4296e2a404cb4c4"}
,"C:\\Users\\AdmiN\\University-Research-Collaboration-Platform\\src\\pages\\Researcher\\CollaboratePage.jsx": {"path":"C:\\Users\\AdmiN\\University-Research-Collaboration-Platform\\src\\pages\\Researcher\\CollaboratePage.jsx","statementMap":{"0":{"start":{"line":19,"column":24},"end":{"line":315,"column":1}},"1":{"start":{"line":20,"column":19},"end":{"line":20,"column":32}},"2":{"start":{"line":21,"column":56},"end":{"line":21,"column":68}},"3":{"start":{"line":22,"column":32},"end":{"line":22,"column":47}},"4":{"start":{"line":23,"column":44},"end":{"line":23,"column":56}},"5":{"start":{"line":24,"column":48},"end":{"line":24,"column":63}},"6":{"start":{"line":26,"column":2},"end":{"line":129,"column":9}},"7":{"start":{"line":27,"column":37},"end":{"line":127,"column":5}},"8":{"start":{"line":28,"column":6},"end":{"line":126,"column":7}},"9":{"start":{"line":29,"column":8},"end":{"line":29,"column":25}},"10":{"start":{"line":30,"column":21},"end":{"line":30,"column":37}},"11":{"start":{"line":31,"column":8},"end":{"line":31,"column":26}},"12":{"start":{"line":31,"column":19},"end":{"line":31,"column":26}},"13":{"start":{"line":34,"column":29},"end":{"line":38,"column":9}},"14":{"start":{"line":39,"column":32},"end":{"line":39,"column":59}},"15":{"start":{"line":41,"column":24},"end":{"line":44,"column":10}},"16":{"start":{"line":42,"column":24},"end":{"line":42,"column":44}},"17":{"start":{"line":43,"column":10},"end":{"line":43,"column":53}},"18":{"start":{"line":43,"column":35},"end":{"line":43,"column":51}},"19":{"start":{"line":47,"column":31},"end":{"line":52,"column":9}},"20":{"start":{"line":53,"column":39},"end":{"line":53,"column":91}},"21":{"start":{"line":53,"column":70},"end":{"line":53,"column":90}},"22":{"start":{"line":56,"column":27},"end":{"line":59,"column":9}},"23":{"start":{"line":60,"column":30},"end":{"line":60,"column":55}},"24":{"start":{"line":63,"column":34},"end":{"line":99,"column":9}},"25":{"start":{"line":65,"column":32},"end":{"line":65,"column":50}},"26":{"start":{"line":66,"column":30},"end":{"line":66,"column":44}},"27":{"start":{"line":69,"column":12},"end":{"line":69,"column":72}},"28":{"start":{"line":69,"column":60},"end":{"line":69,"column":72}},"29":{"start":{"line":72,"column":34},"end":{"line":72,"column":84}},"30":{"start":{"line":73,"column":35},"end":{"line":75,"column":36}},"31":{"start":{"line":78,"column":33},"end":{"line":83,"column":13}},"32":{"start":{"line":84,"column":36},"end":{"line":84,"column":63}},"33":{"start":{"line":85,"column":38},"end":{"line":85,"column":60}},"34":{"start":{"line":88,"column":29},"end":{"line":88,"column":85}},"35":{"start":{"line":90,"column":12},"end":{"line":97,"column":14}},"36":{"start":{"line":101,"column":33},"end":{"line":101,"column":66}},"37":{"start":{"line":104,"column":31},"end":{"line":107,"column":10}},"38":{"start":{"line":105,"column":10},"end":{"line":105,"column":50}},"39":{"start":{"line":105,"column":41},"end":{"line":105,"column":50}},"40":{"start":{"line":106,"column":10},"end":{"line":106,"column":37}},"41":{"start":{"line":109,"column":8},"end":{"line":109,"column":47}},"42":{"start":{"line":112,"column":30},"end":{"line":112,"column":32}},"43":{"start":{"line":113,"column":8},"end":{"line":119,"column":11}},"44":{"start":{"line":114,"column":10},"end":{"line":118,"column":12}},"45":{"start":{"line":120,"column":8},"end":{"line":120,"column":40}},"46":{"start":{"line":123,"column":8},"end":{"line":123,"column":47}},"47":{"start":{"line":125,"column":8},"end":{"line":125,"column":26}},"48":{"start":{"line":128,"column":4},"end":{"line":128,"column":31}},"49":{"start":{"line":131,"column":35},"end":{"line":207,"column":3}},"50":{"start":{"line":132,"column":4},"end":{"line":206,"column":5}},"51":{"start":{"line":133,"column":6},"end":{"line":136,"column":10}},"52":{"start":{"line":133,"column":32},"end":{"line":136,"column":7}},"53":{"start":{"line":138,"column":26},"end":{"line":138,"column":42}},"54":{"start":{"line":139,"column":6},"end":{"line":142,"column":7}},"55":{"start":{"line":140,"column":8},"end":{"line":140,"column":63}},"56":{"start":{"line":141,"column":8},"end":{"line":141,"column":15}},"57":{"start":{"line":144,"column":26},"end":{"line":148,"column":7}},"58":{"start":{"line":149,"column":29},"end":{"line":149,"column":55}},"59":{"start":{"line":150,"column":6},"end":{"line":153,"column":7}},"60":{"start":{"line":151,"column":8},"end":{"line":151,"column":67}},"61":{"start":{"line":152,"column":8},"end":{"line":152,"column":15}},"62":{"start":{"line":155,"column":27},"end":{"line":160,"column":7}},"63":{"start":{"line":161,"column":30},"end":{"line":161,"column":57}},"64":{"start":{"line":162,"column":6},"end":{"line":165,"column":7}},"65":{"start":{"line":163,"column":8},"end":{"line":163,"column":74}},"66":{"start":{"line":164,"column":8},"end":{"line":164,"column":15}},"67":{"start":{"line":167,"column":22},"end":{"line":167,"column":99}},"68":{"start":{"line":169,"column":6},"end":{"line":177,"column":9}},"69":{"start":{"line":180,"column":25},"end":{"line":180,"column":78}},"70":{"start":{"line":181,"column":27},"end":{"line":181,"column":93}},"71":{"start":{"line":183,"column":6},"end":{"line":188,"column":9}},"72":{"start":{"line":190,"column":6},"end":{"line":190,"column":64}},"73":{"start":{"line":191,"column":6},"end":{"line":199,"column":10}},"74":{"start":{"line":191,"column":32},"end":{"line":199,"column":7}},"75":{"start":{"line":201,"column":6},"end":{"line":201,"column":58}},"76":{"start":{"line":202,"column":6},"end":{"line":205,"column":10}},"77":{"start":{"line":202,"column":32},"end":{"line":205,"column":7}},"78":{"start":{"line":210,"column":28},"end":{"line":212,"column":25}},"79":{"start":{"line":211,"column":44},"end":{"line":211,"column":60}},"80":{"start":{"line":214,"column":2},"end":{"line":314,"column":4}},"81":{"start":{"line":224,"column":27},"end":{"line":224,"column":60}},"82":{"start":{"line":237,"column":30},"end":{"line":237,"column":66}},"83":{"start":{"line":255,"column":30},"end":{"line":255,"column":61}},"84":{"start":{"line":256,"column":37},"end":{"line":256,"column":53}},"85":{"start":{"line":257,"column":35},"end":{"line":257,"column":58}},"86":{"start":{"line":259,"column":16},"end":{"line":300,"column":18}},"87":{"start":{"line":269,"column":26},"end":{"line":275,"column":29}},"88":{"start":{"line":269,"column":54},"end":{"line":275,"column":27}},"89":{"start":{"line":283,"column":39},"end":{"line":283,"column":73}},"90":{"start":{"line":289,"column":39},"end":{"line":289,"column":112}}},"fnMap":{"0":{"name":"(anonymous_0)","decl":{"start":{"line":19,"column":24},"end":{"line":19,"column":25}},"loc":{"start":{"line":19,"column":30},"end":{"line":315,"column":1}},"line":19},"1":{"name":"(anonymous_1)","decl":{"start":{"line":26,"column":12},"end":{"line":26,"column":13}},"loc":{"start":{"line":26,"column":18},"end":{"line":129,"column":3}},"line":26},"2":{"name":"(anonymous_2)","decl":{"start":{"line":27,"column":37},"end":{"line":27,"column":38}},"loc":{"start":{"line":27,"column":49},"end":{"line":127,"column":5}},"line":27},"3":{"name":"(anonymous_3)","decl":{"start":{"line":41,"column":49},"end":{"line":41,"column":50}},"loc":{"start":{"line":41,"column":60},"end":{"line":44,"column":9}},"line":41},"4":{"name":"(anonymous_4)","decl":{"start":{"line":43,"column":28},"end":{"line":43,"column":29}},"loc":{"start":{"line":43,"column":35},"end":{"line":43,"column":51}},"line":43},"5":{"name":"(anonymous_5)","decl":{"start":{"line":53,"column":63},"end":{"line":53,"column":64}},"loc":{"start":{"line":53,"column":70},"end":{"line":53,"column":90}},"line":53},"6":{"name":"(anonymous_6)","decl":{"start":{"line":64,"column":33},"end":{"line":64,"column":34}},"loc":{"start":{"line":64,"column":56},"end":{"line":98,"column":11}},"line":64},"7":{"name":"(anonymous_7)","decl":{"start":{"line":104,"column":53},"end":{"line":104,"column":54}},"loc":{"start":{"line":104,"column":63},"end":{"line":107,"column":9}},"line":104},"8":{"name":"(anonymous_8)","decl":{"start":{"line":113,"column":31},"end":{"line":113,"column":32}},"loc":{"start":{"line":113,"column":42},"end":{"line":119,"column":9}},"line":113},"9":{"name":"(anonymous_9)","decl":{"start":{"line":131,"column":35},"end":{"line":131,"column":36}},"loc":{"start":{"line":131,"column":70},"end":{"line":207,"column":3}},"line":131},"10":{"name":"(anonymous_10)","decl":{"start":{"line":133,"column":23},"end":{"line":133,"column":24}},"loc":{"start":{"line":133,"column":32},"end":{"line":136,"column":7}},"line":133},"11":{"name":"(anonymous_11)","decl":{"start":{"line":191,"column":23},"end":{"line":191,"column":24}},"loc":{"start":{"line":191,"column":32},"end":{"line":199,"column":7}},"line":191},"12":{"name":"(anonymous_12)","decl":{"start":{"line":202,"column":23},"end":{"line":202,"column":24}},"loc":{"start":{"line":202,"column":32},"end":{"line":205,"column":7}},"line":202},"13":{"name":"(anonymous_13)","decl":{"start":{"line":211,"column":33},"end":{"line":211,"column":34}},"loc":{"start":{"line":211,"column":44},"end":{"line":211,"column":60}},"line":211},"14":{"name":"(anonymous_14)","decl":{"start":{"line":224,"column":21},"end":{"line":224,"column":22}},"loc":{"start":{"line":224,"column":27},"end":{"line":224,"column":60}},"line":224},"15":{"name":"(anonymous_15)","decl":{"start":{"line":237,"column":24},"end":{"line":237,"column":25}},"loc":{"start":{"line":237,"column":30},"end":{"line":237,"column":66}},"line":237},"16":{"name":"(anonymous_16)","decl":{"start":{"line":254,"column":36},"end":{"line":254,"column":37}},"loc":{"start":{"line":254,"column":49},"end":{"line":301,"column":15}},"line":254},"17":{"name":"(anonymous_17)","decl":{"start":{"line":268,"column":34},"end":{"line":268,"column":35}},"loc":{"start":{"line":269,"column":26},"end":{"line":275,"column":29}},"line":269},"18":{"name":"(anonymous_18)","decl":{"start":{"line":269,"column":43},"end":{"line":269,"column":44}},"loc":{"start":{"line":269,"column":54},"end":{"line":275,"column":27}},"line":269},"19":{"name":"(anonymous_19)","decl":{"start":{"line":283,"column":33},"end":{"line":283,"column":34}},"loc":{"start":{"line":283,"column":39},"end":{"line":283,"column":73}},"line":283},"20":{"name":"(anonymous_20)","decl":{"start":{"line":289,"column":33},"end":{"line":289,"column":34}},"loc":{"start":{"line":289,"column":39},"end":{"line":289,"column":112}},"line":289}},"branchMap":{"0":{"loc":{"start":{"line":31,"column":8},"end":{"line":31,"column":26}},"type":"if","locations":[{"start":{"line":31,"column":8},"end":{"line":31,"column":26}},{"start":{},"end":{}}],"line":31},"1":{"loc":{"start":{"line":69,"column":12},"end":{"line":69,"column":72}},"type":"if","locations":[{"start":{"line":69,"column":12},"end":{"line":69,"column":72}},{"start":{},"end":{}}],"line":69},"2":{"loc":{"start":{"line":73,"column":35},"end":{"line":75,"column":36}},"type":"cond-expr","locations":[{"start":{"line":74,"column":16},"end":{"line":74,"column":41}},{"start":{"line":75,"column":16},"end":{"line":75,"column":36}}],"line":73},"3":{"loc":{"start":{"line":105,"column":10},"end":{"line":105,"column":50}},"type":"if","locations":[{"start":{"line":105,"column":10},"end":{"line":105,"column":50}},{"start":{},"end":{}}],"line":105},"4":{"loc":{"start":{"line":106,"column":17},"end":{"line":106,"column":36}},"type":"cond-expr","locations":[{"start":{"line":106,"column":30},"end":{"line":106,"column":32}},{"start":{"line":106,"column":35},"end":{"line":106,"column":36}}],"line":106},"5":{"loc":{"start":{"line":139,"column":6},"end":{"line":142,"column":7}},"type":"if","locations":[{"start":{"line":139,"column":6},"end":{"line":142,"column":7}},{"start":{},"end":{}}],"line":139},"6":{"loc":{"start":{"line":150,"column":6},"end":{"line":153,"column":7}},"type":"if","locations":[{"start":{"line":150,"column":6},"end":{"line":153,"column":7}},{"start":{},"end":{}}],"line":150},"7":{"loc":{"start":{"line":162,"column":6},"end":{"line":165,"column":7}},"type":"if","locations":[{"start":{"line":162,"column":6},"end":{"line":165,"column":7}},{"start":{},"end":{}}],"line":162},"8":{"loc":{"start":{"line":167,"column":22},"end":{"line":167,"column":99}},"type":"binary-expr","locations":[{"start":{"line":167,"column":22},"end":{"line":167,"column":55}},{"start":{"line":167,"column":59},"end":{"line":167,"column":99}}],"line":167},"9":{"loc":{"start":{"line":173,"column":23},"end":{"line":173,"column":72}},"type":"binary-expr","locations":[{"start":{"line":173,"column":23},"end":{"line":173,"column":46}},{"start":{"line":173,"column":50},"end":{"line":173,"column":72}}],"line":173},"10":{"loc":{"start":{"line":181,"column":27},"end":{"line":181,"column":93}},"type":"cond-expr","locations":[{"start":{"line":181,"column":49},"end":{"line":181,"column":72}},{"start":{"line":181,"column":75},"end":{"line":181,"column":93}}],"line":181},"11":{"loc":{"start":{"line":185,"column":20},"end":{"line":185,"column":61}},"type":"binary-expr","locations":[{"start":{"line":185,"column":20},"end":{"line":185,"column":43}},{"start":{"line":185,"column":47},"end":{"line":185,"column":61}}],"line":185},"12":{"loc":{"start":{"line":210,"column":28},"end":{"line":212,"column":25}},"type":"cond-expr","locations":[{"start":{"line":211,"column":6},"end":{"line":211,"column":61}},{"start":{"line":212,"column":6},"end":{"line":212,"column":25}}],"line":210},"13":{"loc":{"start":{"line":244,"column":9},"end":{"line":304,"column":9}},"type":"cond-expr","locations":[{"start":{"line":245,"column":10},"end":{"line":247,"column":16}},{"start":{"line":249,"column":10},"end":{"line":303,"column":20}}],"line":244},"14":{"loc":{"start":{"line":251,"column":13},"end":{"line":302,"column":13}},"type":"cond-expr","locations":[{"start":{"line":252,"column":14},"end":{"line":252,"column":124}},{"start":{"line":254,"column":14},"end":{"line":301,"column":16}}],"line":251},"15":{"loc":{"start":{"line":255,"column":30},"end":{"line":255,"column":61}},"type":"binary-expr","locations":[{"start":{"line":255,"column":30},"end":{"line":255,"column":55}},{"start":{"line":255,"column":59},"end":{"line":255,"column":61}}],"line":255},"16":{"loc":{"start":{"line":264,"column":21},"end":{"line":279,"column":21}},"type":"binary-expr","locations":[{"start":{"line":264,"column":21},"end":{"line":264,"column":32}},{"start":{"line":265,"column":22},"end":{"line":278,"column":24}}],"line":264},"17":{"loc":{"start":{"line":267,"column":31},"end":{"line":267,"column":50}},"type":"binary-expr","locations":[{"start":{"line":267,"column":31},"end":{"line":267,"column":44}},{"start":{"line":267,"column":48},"end":{"line":267,"column":50}}],"line":267},"18":{"loc":{"start":{"line":288,"column":35},"end":{"line":288,"column":88}},"type":"cond-expr","locations":[{"start":{"line":288,"column":48},"end":{"line":288,"column":73}},{"start":{"line":288,"column":76},"end":{"line":288,"column":88}}],"line":288},"19":{"loc":{"start":{"line":289,"column":39},"end":{"line":289,"column":112}},"type":"binary-expr","locations":[{"start":{"line":289,"column":39},"end":{"line":289,"column":50}},{"start":{"line":289,"column":54},"end":{"line":289,"column":112}}],"line":289},"20":{"loc":{"start":{"line":290,"column":34},"end":{"line":290,"column":60}},"type":"binary-expr","locations":[{"start":{"line":290,"column":34},"end":{"line":290,"column":44}},{"start":{"line":290,"column":48},"end":{"line":290,"column":60}}],"line":290},"21":{"loc":{"start":{"line":292,"column":25},"end":{"line":296,"column":51}},"type":"cond-expr","locations":[{"start":{"line":293,"column":28},"end":{"line":293,"column":45}},{"start":{"line":294,"column":28},"end":{"line":296,"column":51}}],"line":292},"22":{"loc":{"start":{"line":294,"column":28},"end":{"line":296,"column":51}},"type":"cond-expr","locations":[{"start":{"line":295,"column":28},"end":{"line":295,"column":40}},{"start":{"line":296,"column":28},"end":{"line":296,"column":51}}],"line":294}},"s":{"0":1,"1":9,"2":9,"3":9,"4":9,"5":9,"6":9,"7":3,"8":3,"9":3,"10":3,"11":3,"12":0,"13":3,"14":3,"15":3,"16":0,"17":0,"18":0,"19":3,"20":3,"21":0,"22":3,"23":3,"24":3,"25":0,"26":0,"27":0,"28":0,"29":0,"30":0,"31":0,"32":0,"33":0,"34":0,"35":0,"36":3,"37":3,"38":0,"39":0,"40":0,"41":3,"42":3,"43":3,"44":0,"45":3,"46":0,"47":3,"48":3,"49":9,"50":0,"51":0,"52":0,"53":0,"54":0,"55":0,"56":0,"57":0,"58":0,"59":0,"60":0,"61":0,"62":0,"63":0,"64":0,"65":0,"66":0,"67":0,"68":0,"69":0,"70":0,"71":0,"72":0,"73":0,"74":0,"75":0,"76":0,"77":0,"78":9,"79":0,"80":9,"81":0,"82":0,"83":0,"84":0,"85":0,"86":0,"87":0,"88":0,"89":0,"90":0},"f":{"0":9,"1":3,"2":3,"3":0,"4":0,"5":0,"6":0,"7":0,"8":0,"9":0,"10":0,"11":0,"12":0,"13":0,"14":0,"15":0,"16":0,"17":0,"18":0,"19":0,"20":0},"b":{"0":[0,3],"1":[0,0],"2":[0,0],"3":[0,0],"4":[0,0],"5":[0,0],"6":[0,0],"7":[0,0],"8":[0,0],"9":[0,0],"10":[0,0],"11":[0,0],"12":[0,9],"13":[3,6],"14":[6,0],"15":[0,0],"16":[0,0],"17":[0,0],"18":[0,0],"19":[0,0],"20":[0,0],"21":[0,0],"22":[0,0]},"_coverageSchema":"1a1c01bbd47fc00a2c39e90264f33305004495a9","hash":"d668c0ebb9a49673a52c150a93829c6df1b298ba"}
,"C:\\Users\\AdmiN\\University-Research-Collaboration-Platform\\src\\pages\\Researcher\\ResearcherProfile.jsx": {"path":"C:\\Users\\AdmiN\\University-Research-Collaboration-Platform\\src\\pages\\Researcher\\ResearcherProfile.jsx","statementMap":{"0":{"start":{"line":7,"column":26},"end":{"line":137,"column":1}},"1":{"start":{"line":8,"column":19},"end":{"line":8,"column":32}},"2":{"start":{"line":9,"column":32},"end":{"line":9,"column":46}},"3":{"start":{"line":10,"column":30},"end":{"line":10,"column":44}},"4":{"start":{"line":11,"column":32},"end":{"line":11,"column":46}},"5":{"start":{"line":12,"column":28},"end":{"line":12,"column":42}},"6":{"start":{"line":15,"column":2},"end":{"line":36,"column":17}},"7":{"start":{"line":16,"column":27},"end":{"line":33,"column":5}},"8":{"start":{"line":17,"column":20},"end":{"line":17,"column":53}},"9":{"start":{"line":18,"column":6},"end":{"line":21,"column":7}},"10":{"start":{"line":19,"column":8},"end":{"line":19,"column":28}},"11":{"start":{"line":20,"column":8},"end":{"line":20,"column":15}},"12":{"start":{"line":23,"column":26},"end":{"line":30,"column":8}},"13":{"start":{"line":24,"column":8},"end":{"line":29,"column":9}},"14":{"start":{"line":25,"column":10},"end":{"line":25,"column":30}},"15":{"start":{"line":27,"column":10},"end":{"line":27,"column":47}},"16":{"start":{"line":28,"column":10},"end":{"line":28,"column":30}},"17":{"start":{"line":32,"column":6},"end":{"line":32,"column":33}},"18":{"start":{"line":32,"column":19},"end":{"line":32,"column":32}},"19":{"start":{"line":35,"column":4},"end":{"line":35,"column":21}},"20":{"start":{"line":39,"column":2},"end":{"line":62,"column":15}},"21":{"start":{"line":40,"column":25},"end":{"line":59,"column":5}},"22":{"start":{"line":41,"column":6},"end":{"line":41,"column":26}},"23":{"start":{"line":41,"column":19},"end":{"line":41,"column":26}},"24":{"start":{"line":43,"column":6},"end":{"line":58,"column":7}},"25":{"start":{"line":44,"column":8},"end":{"line":44,"column":25}},"26":{"start":{"line":45,"column":27},"end":{"line":45,"column":51}},"27":{"start":{"line":46,"column":24},"end":{"line":46,"column":48}},"28":{"start":{"line":48,"column":8},"end":{"line":52,"column":9}},"29":{"start":{"line":49,"column":10},"end":{"line":49,"column":37}},"30":{"start":{"line":51,"column":10},"end":{"line":51,"column":40}},"31":{"start":{"line":54,"column":8},"end":{"line":54,"column":56}},"32":{"start":{"line":55,"column":8},"end":{"line":55,"column":43}},"33":{"start":{"line":57,"column":8},"end":{"line":57,"column":26}},"34":{"start":{"line":61,"column":4},"end":{"line":61,"column":19}},"35":{"start":{"line":64,"column":2},"end":{"line":70,"column":3}},"36":{"start":{"line":65,"column":4},"end":{"line":69,"column":6}},"37":{"start":{"line":72,"column":2},"end":{"line":79,"column":3}},"38":{"start":{"line":73,"column":4},"end":{"line":78,"column":6}},"39":{"start":{"line":76,"column":31},"end":{"line":76,"column":55}},"40":{"start":{"line":81,"column":2},"end":{"line":136,"column":4}},"41":{"start":{"line":120,"column":29},"end":{"line":120,"column":65}}},"fnMap":{"0":{"name":"(anonymous_0)","decl":{"start":{"line":7,"column":26},"end":{"line":7,"column":27}},"loc":{"start":{"line":7,"column":32},"end":{"line":137,"column":1}},"line":7},"1":{"name":"(anonymous_1)","decl":{"start":{"line":15,"column":12},"end":{"line":15,"column":13}},"loc":{"start":{"line":15,"column":18},"end":{"line":36,"column":3}},"line":15},"2":{"name":"(anonymous_2)","decl":{"start":{"line":16,"column":27},"end":{"line":16,"column":28}},"loc":{"start":{"line":16,"column":39},"end":{"line":33,"column":5}},"line":16},"3":{"name":"(anonymous_3)","decl":{"start":{"line":23,"column":50},"end":{"line":23,"column":51}},"loc":{"start":{"line":23,"column":60},"end":{"line":30,"column":7}},"line":23},"4":{"name":"(anonymous_4)","decl":{"start":{"line":32,"column":13},"end":{"line":32,"column":14}},"loc":{"start":{"line":32,"column":19},"end":{"line":32,"column":32}},"line":32},"5":{"name":"(anonymous_5)","decl":{"start":{"line":39,"column":12},"end":{"line":39,"column":13}},"loc":{"start":{"line":39,"column":18},"end":{"line":62,"column":3}},"line":39},"6":{"name":"(anonymous_6)","decl":{"start":{"line":40,"column":25},"end":{"line":40,"column":26}},"loc":{"start":{"line":40,"column":37},"end":{"line":59,"column":5}},"line":40},"7":{"name":"(anonymous_7)","decl":{"start":{"line":76,"column":25},"end":{"line":76,"column":26}},"loc":{"start":{"line":76,"column":31},"end":{"line":76,"column":55}},"line":76},"8":{"name":"(anonymous_8)","decl":{"start":{"line":120,"column":23},"end":{"line":120,"column":24}},"loc":{"start":{"line":120,"column":29},"end":{"line":120,"column":65}},"line":120}},"branchMap":{"0":{"loc":{"start":{"line":18,"column":6},"end":{"line":21,"column":7}},"type":"if","locations":[{"start":{"line":18,"column":6},"end":{"line":21,"column":7}},{"start":{},"end":{}}],"line":18},"1":{"loc":{"start":{"line":24,"column":8},"end":{"line":29,"column":9}},"type":"if","locations":[{"start":{"line":24,"column":8},"end":{"line":29,"column":9}},{"start":{"line":26,"column":15},"end":{"line":29,"column":9}}],"line":24},"2":{"loc":{"start":{"line":41,"column":6},"end":{"line":41,"column":26}},"type":"if","locations":[{"start":{"line":41,"column":6},"end":{"line":41,"column":26}},{"start":{},"end":{}}],"line":41},"3":{"loc":{"start":{"line":48,"column":8},"end":{"line":52,"column":9}},"type":"if","locations":[{"start":{"line":48,"column":8},"end":{"line":52,"column":9}},{"start":{"line":50,"column":15},"end":{"line":52,"column":9}}],"line":48},"4":{"loc":{"start":{"line":64,"column":2},"end":{"line":70,"column":3}},"type":"if","locations":[{"start":{"line":64,"column":2},"end":{"line":70,"column":3}},{"start":{},"end":{}}],"line":64},"5":{"loc":{"start":{"line":72,"column":2},"end":{"line":79,"column":3}},"type":"if","locations":[{"start":{"line":72,"column":2},"end":{"line":79,"column":3}},{"start":{},"end":{}}],"line":72},"6":{"loc":{"start":{"line":98,"column":13},"end":{"line":104,"column":13}},"type":"binary-expr","locations":[{"start":{"line":98,"column":13},"end":{"line":98,"column":35}},{"start":{"line":99,"column":14},"end":{"line":103,"column":16}}],"line":98}},"s":{"0":1,"1":9,"2":9,"3":9,"4":9,"5":9,"6":9,"7":3,"8":3,"9":3,"10":1,"11":1,"12":2,"13":2,"14":2,"15":0,"16":0,"17":2,"18":0,"19":3,"20":9,"21":5,"22":5,"23":3,"24":2,"25":2,"26":2,"27":2,"28":2,"29":2,"30":0,"31":0,"32":0,"33":2,"34":5,"35":9,"36":7,"37":2,"38":0,"39":0,"40":2,"41":1},"f":{"0":9,"1":3,"2":3,"3":2,"4":0,"5":5,"6":5,"7":0,"8":1},"b":{"0":[1,2],"1":[2,0],"2":[3,2],"3":[2,0],"4":[7,2],"5":[0,2],"6":[2,2]},"_coverageSchema":"1a1c01bbd47fc00a2c39e90264f33305004495a9","hash":"b622ff283ca7a6d7c45e54696a4a3922e91886ce"}
,"C:\\Users\\AdmiN\\University-Research-Collaboration-Platform\\src\\utils\\sendMessage.js": {"path":"C:\\Users\\AdmiN\\University-Research-Collaboration-Platform\\src\\utils\\sendMessage.js","statementMap":{"0":{"start":{"line":4,"column":27},"end":{"line":16,"column":1}},"1":{"start":{"line":5,"column":2},"end":{"line":15,"column":3}},"2":{"start":{"line":6,"column":4},"end":{"line":10,"column":7}},"3":{"start":{"line":11,"column":4},"end":{"line":11,"column":16}},"4":{"start":{"line":13,"column":4},"end":{"line":13,"column":51}},"5":{"start":{"line":14,"column":4},"end":{"line":14,"column":17}},"6":{"start":{"line":18,"column":28},"end":{"line":23,"column":1}}},"fnMap":{"0":{"name":"(anonymous_0)","decl":{"start":{"line":4,"column":27},"end":{"line":4,"column":28}},"loc":{"start":{"line":4,"column":63},"end":{"line":16,"column":1}},"line":4}},"branchMap":{},"s":{"0":1,"1":0,"2":0,"3":0,"4":0,"5":0,"6":1},"f":{"0":0},"b":{},"_coverageSchema":"1a1c01bbd47fc00a2c39e90264f33305004495a9","hash":"c8299346bb6e6d64c6e94129fc2eb020b2e7e839"}
}
