TN:
SF:src\components\Footer.jsx
FN:3,(anonymous_0)
FN:4,(anonymous_1)
FN:68,(anonymous_2)
FNF:3
FNH:3
FNDA:27,(anonymous_0)
FNDA:14,(anonymous_1)
FNDA:14,(anonymous_2)
DA:3,2
DA:4,27
DA:5,14
DA:6,14
DA:67,14
DA:68,14
DA:71,27
DA:80,27
LF:8
LH:8
BRF:0
BRH:0
end_of_record
TN:
SF:src\config\firebaseConfig.js
FNF:0
FNH:0
DA:7,2
DA:18,2
DA:21,2
DA:22,2
DA:23,2
DA:24,2
LF:6
LH:6
BRF:0
BRH:0
end_of_record
TN:
SF:src\pages\LandingPage.jsx
FN:9,LandingPage
FNF:1
FNH:1
FNDA:4,LandingPage
DA:10,4
LF:1
LH:1
BRF:0
BRH:0
end_of_record
TN:
SF:src\pages\TermsAndConditions.jsx
FN:10,(anonymous_0)
FN:16,(anonymous_1)
FNF:2
FNH:2
FNDA:6,(anonymous_0)
FNDA:1,(anonymous_1)
DA:10,1
DA:11,6
DA:13,6
DA:16,1
LF:4
LH:4
BRF:0
BRH:0
end_of_record
TN:
SF:src\pages\Admin\Dashboard.jsx
FN:8,Dashboard
FN:19,(anonymous_1)
FN:20,(anonymous_2)
FN:27,(anonymous_3)
FN:35,(anonymous_4)
FN:43,(anonymous_5)
FN:53,(anonymous_6)
FN:55,(anonymous_7)
FN:56,(anonymous_8)
FN:60,(anonymous_9)
FN:70,(anonymous_10)
FN:77,(anonymous_11)
FN:80,(anonymous_12)
FN:140,(anonymous_13)
FN:141,(anonymous_14)
FNF:15
FNH:13
FNDA:6,Dashboard
FNDA:3,(anonymous_1)
FNDA:3,(anonymous_2)
FNDA:9,(anonymous_3)
FNDA:6,(anonymous_4)
FNDA:6,(anonymous_5)
FNDA:6,(anonymous_6)
FNDA:9,(anonymous_7)
FNDA:9,(anonymous_8)
FNDA:6,(anonymous_9)
FNDA:21,(anonymous_10)
FNDA:21,(anonymous_11)
FNDA:63,(anonymous_12)
FNDA:0,(anonymous_13)
FNDA:0,(anonymous_14)
DA:10,6
DA:11,5
DA:12,5
DA:13,5
DA:14,5
DA:15,5
DA:16,5
DA:19,5
DA:20,3
DA:21,3
DA:22,3
DA:25,3
DA:26,3
DA:27,9
DA:33,3
DA:34,3
DA:35,6
DA:41,3
DA:42,3
DA:43,6
DA:49,3
DA:50,3
DA:53,6
DA:55,9
DA:56,9
DA:58,3
DA:60,6
DA:63,3
DA:64,3
DA:65,3
DA:66,3
DA:67,3
DA:70,3
DA:71,21
DA:72,21
DA:73,21
DA:77,21
DA:81,63
DA:87,3
DA:89,0
DA:91,3
DA:95,3
DA:99,5
DA:100,3
DA:103,2
DA:140,0
DA:141,0
LF:47
LH:44
BRDA:81,0,0,63
BRDA:81,0,1,63
BRDA:81,0,2,63
BRDA:99,1,0,3
BRDA:99,1,1,2
BRF:5
BRH:5
end_of_record
TN:
SF:src\pages\Admin\ManageAdmins.jsx
FN:16,ManageAdmins
FN:37,(anonymous_1)
FN:41,(anonymous_2)
FN:42,(anonymous_3)
FN:50,(anonymous_4)
FN:57,(anonymous_5)
FN:68,(anonymous_6)
FN:90,(anonymous_7)
FN:119,(anonymous_8)
FN:126,(anonymous_9)
FN:153,(anonymous_10)
FN:153,(anonymous_11)
FN:168,(anonymous_12)
FN:174,(anonymous_13)
FN:179,(anonymous_14)
FN:197,(anonymous_15)
FN:218,(anonymous_16)
FN:227,(anonymous_17)
FN:235,(anonymous_18)
FN:254,(anonymous_19)
FN:266,(anonymous_20)
FN:273,(anonymous_21)
FN:309,(anonymous_22)
FN:314,(anonymous_23)
FNF:24
FNH:12
FNDA:12,ManageAdmins
FNDA:5,(anonymous_1)
FNDA:1,(anonymous_2)
FNDA:1,(anonymous_3)
FNDA:5,(anonymous_4)
FNDA:0,(anonymous_5)
FNDA:1,(anonymous_6)
FNDA:0,(anonymous_7)
FNDA:1,(anonymous_8)
FNDA:0,(anonymous_9)
FNDA:0,(anonymous_10)
FNDA:0,(anonymous_11)
FNDA:5,(anonymous_12)
FNDA:2,(anonymous_13)
FNDA:0,(anonymous_14)
FNDA:1,(anonymous_15)
FNDA:0,(anonymous_16)
FNDA:2,(anonymous_17)
FNDA:1,(anonymous_18)
FNDA:0,(anonymous_19)
FNDA:0,(anonymous_20)
FNDA:0,(anonymous_21)
FNDA:0,(anonymous_22)
FNDA:0,(anonymous_23)
DA:18,12
DA:19,11
DA:21,11
DA:23,11
DA:24,11
DA:25,11
DA:28,11
DA:29,11
DA:30,11
DA:33,11
DA:34,11
DA:37,11
DA:38,5
DA:39,5
DA:40,5
DA:41,1
DA:42,1
DA:43,5
DA:45,0
DA:50,11
DA:51,5
DA:52,5
DA:56,5
DA:57,5
DA:61,5
DA:63,0
DA:68,11
DA:69,1
DA:70,1
DA:71,1
DA:73,1
DA:74,0
DA:75,0
DA:79,1
DA:80,1
DA:81,1
DA:82,1
DA:85,0
DA:86,0
DA:88,0
DA:89,0
DA:91,0
DA:95,0
DA:96,0
DA:97,0
DA:101,0
DA:107,0
DA:108,0
DA:109,0
DA:111,0
DA:112,0
DA:114,0
DA:119,11
DA:120,1
DA:121,1
DA:122,1
DA:126,11
DA:127,0
DA:128,0
DA:129,0
DA:131,0
DA:132,0
DA:133,0
DA:135,0
DA:137,0
DA:138,0
DA:144,0
DA:148,0
DA:149,0
DA:150,0
DA:153,0
DA:154,0
DA:155,0
DA:156,0
DA:157,0
DA:158,0
DA:160,0
DA:161,0
DA:163,0
DA:168,11
DA:169,5
DA:170,5
DA:174,11
DA:175,2
DA:179,11
DA:180,0
DA:185,11
DA:197,1
DA:218,0
DA:228,2
DA:235,1
DA:255,0
DA:256,0
DA:266,0
DA:274,0
DA:275,0
DA:276,0
DA:309,0
DA:315,0
LF:99
LH:48
BRDA:73,0,0,0
BRDA:73,0,1,1
BRDA:80,1,0,1
BRDA:80,1,1,0
BRDA:91,2,0,0
BRDA:91,2,1,0
BRDA:95,3,0,0
BRDA:95,3,1,0
BRDA:127,4,0,0
BRDA:127,4,1,0
BRDA:175,5,0,2
BRDA:175,5,1,2
BRDA:175,5,2,0
BRDA:180,6,0,0
BRDA:180,6,1,0
BRDA:180,6,2,0
BRDA:201,7,0,0
BRDA:201,7,1,11
BRDA:206,8,0,11
BRDA:206,8,1,2
BRDA:207,9,0,11
BRDA:207,9,1,0
BRDA:225,10,0,2
BRDA:225,10,1,9
BRDA:230,11,0,2
BRDA:230,11,1,2
BRDA:250,12,0,11
BRDA:250,12,1,1
BRDA:312,13,0,0
BRDA:312,13,1,11
BRDA:317,14,0,0
BRDA:317,14,1,0
BRDA:321,15,0,0
BRDA:321,15,1,0
BRF:34
BRH:15
end_of_record
TN:
SF:src\pages\Admin\ManageResearchers.jsx
FN:7,ManageResearchers
FN:26,(anonymous_1)
FN:30,(anonymous_2)
FN:31,(anonymous_3)
FN:39,(anonymous_4)
FN:43,(anonymous_5)
FN:54,(anonymous_6)
FN:60,(anonymous_7)
FN:66,(anonymous_8)
FN:74,(anonymous_9)
FN:74,(anonymous_10)
FN:85,(anonymous_11)
FN:88,(anonymous_12)
FN:88,(anonymous_13)
FN:95,(anonymous_14)
FN:101,(anonymous_15)
FN:106,(anonymous_16)
FN:126,(anonymous_17)
FN:134,(anonymous_18)
FN:145,(anonymous_19)
FN:161,(anonymous_20)
FN:165,(anonymous_21)
FN:180,(anonymous_22)
FN:192,(anonymous_23)
FN:199,(anonymous_24)
FN:231,(anonymous_25)
FN:239,(anonymous_26)
FN:255,(anonymous_27)
FN:271,(anonymous_28)
FN:275,(anonymous_29)
FNF:30
FNH:14
FNDA:11,ManageResearchers
FNDA:5,(anonymous_1)
FNDA:1,(anonymous_2)
FNDA:1,(anonymous_3)
FNDA:5,(anonymous_4)
FNDA:1,(anonymous_5)
FNDA:5,(anonymous_6)
FNDA:1,(anonymous_7)
FNDA:0,(anonymous_8)
FNDA:0,(anonymous_9)
FNDA:0,(anonymous_10)
FNDA:0,(anonymous_11)
FNDA:0,(anonymous_12)
FNDA:0,(anonymous_13)
FNDA:20,(anonymous_14)
FNDA:2,(anonymous_15)
FNDA:1,(anonymous_16)
FNDA:0,(anonymous_17)
FNDA:2,(anonymous_18)
FNDA:1,(anonymous_19)
FNDA:0,(anonymous_20)
FNDA:0,(anonymous_21)
FNDA:0,(anonymous_22)
FNDA:0,(anonymous_23)
FNDA:0,(anonymous_24)
FNDA:0,(anonymous_25)
FNDA:1,(anonymous_26)
FNDA:0,(anonymous_27)
FNDA:0,(anonymous_28)
FNDA:0,(anonymous_29)
DA:9,11
DA:10,10
DA:12,10
DA:13,10
DA:14,10
DA:17,10
DA:18,10
DA:19,10
DA:22,10
DA:23,10
DA:26,10
DA:27,5
DA:28,5
DA:29,5
DA:30,1
DA:31,1
DA:32,5
DA:34,0
DA:39,10
DA:40,5
DA:41,5
DA:42,5
DA:43,5
DA:47,5
DA:49,0
DA:54,10
DA:55,5
DA:56,5
DA:60,10
DA:61,1
DA:62,1
DA:66,10
DA:67,0
DA:68,0
DA:69,0
DA:71,0
DA:72,0
DA:73,0
DA:74,0
DA:75,0
DA:76,0
DA:77,0
DA:78,0
DA:80,0
DA:85,10
DA:86,0
DA:87,0
DA:88,0
DA:90,0
DA:95,10
DA:96,20
DA:97,20
DA:101,10
DA:102,2
DA:106,10
DA:107,1
DA:112,10
DA:127,0
DA:128,0
DA:135,2
DA:145,1
DA:162,0
DA:165,0
DA:181,0
DA:182,0
DA:192,0
DA:200,0
DA:201,0
DA:202,0
DA:232,0
DA:233,0
DA:240,1
DA:255,0
DA:272,0
DA:275,0
LF:75
LH:42
BRDA:67,0,0,0
BRDA:67,0,1,0
BRDA:102,1,0,2
BRDA:102,1,1,0
BRDA:107,2,0,1
BRDA:107,2,1,0
BRDA:139,3,0,2
BRDA:139,3,1,0
BRDA:141,4,0,2
BRDA:141,4,1,0
BRDA:154,5,0,10
BRDA:154,5,1,8
BRDA:159,6,0,10
BRDA:159,6,1,0
BRDA:164,7,0,0
BRDA:164,7,1,0
BRDA:166,8,0,0
BRDA:166,8,1,0
BRDA:176,9,0,10
BRDA:176,9,1,1
BRDA:244,10,0,1
BRDA:244,10,1,0
BRDA:246,11,0,1
BRDA:246,11,1,0
BRDA:247,12,0,1
BRDA:247,12,1,1
BRDA:264,13,0,10
BRDA:264,13,1,9
BRDA:269,14,0,10
BRDA:269,14,1,0
BRDA:274,15,0,0
BRDA:274,15,1,0
BRDA:276,16,0,0
BRDA:276,16,1,0
BRF:34
BRH:16
end_of_record
TN:
SF:src\pages\Admin\ManageReviewers.jsx
FN:15,ManageReviewers
FN:43,(anonymous_1)
FN:51,(anonymous_2)
FN:64,(anonymous_3)
FN:71,(anonymous_4)
FN:82,(anonymous_5)
FN:93,(anonymous_6)
FN:98,(anonymous_7)
FN:112,(anonymous_8)
FN:116,(anonymous_9)
FN:116,(anonymous_10)
FN:124,(anonymous_11)
FN:131,(anonymous_12)
FN:139,(anonymous_13)
FN:139,(anonymous_14)
FN:151,(anonymous_15)
FN:158,(anonymous_16)
FN:166,(anonymous_17)
FN:167,(anonymous_18)
FN:180,(anonymous_19)
FN:183,(anonymous_20)
FN:183,(anonymous_21)
FN:190,(anonymous_22)
FN:197,(anonymous_23)
FN:203,(anonymous_24)
FN:208,(anonymous_25)
FN:213,(anonymous_26)
FN:233,(anonymous_27)
FN:245,(anonymous_28)
FN:260,(anonymous_29)
FN:291,(anonymous_30)
FN:297,(anonymous_31)
FN:309,(anonymous_32)
FN:312,(anonymous_33)
FN:327,(anonymous_34)
FN:339,(anonymous_35)
FN:348,(anonymous_36)
FN:378,(anonymous_37)
FN:388,(anonymous_38)
FN:403,(anonymous_39)
FN:434,(anonymous_40)
FN:446,(anonymous_41)
FN:449,(anonymous_42)
FN:464,(anonymous_43)
FN:476,(anonymous_44)
FN:485,(anonymous_45)
FN:521,(anonymous_46)
FN:531,(anonymous_47)
FN:546,(anonymous_48)
FN:581,(anonymous_49)
FN:593,(anonymous_50)
FN:596,(anonymous_51)
FNF:52
FNH:18
FNDA:14,ManageReviewers
FNDA:7,(anonymous_1)
FNDA:1,(anonymous_2)
FNDA:7,(anonymous_3)
FNDA:1,(anonymous_4)
FNDA:7,(anonymous_5)
FNDA:1,(anonymous_6)
FNDA:0,(anonymous_7)
FNDA:0,(anonymous_8)
FNDA:0,(anonymous_9)
FNDA:0,(anonymous_10)
FNDA:0,(anonymous_11)
FNDA:0,(anonymous_12)
FNDA:0,(anonymous_13)
FNDA:0,(anonymous_14)
FNDA:0,(anonymous_15)
FNDA:0,(anonymous_16)
FNDA:0,(anonymous_17)
FNDA:0,(anonymous_18)
FNDA:0,(anonymous_19)
FNDA:0,(anonymous_20)
FNDA:0,(anonymous_21)
FNDA:7,(anonymous_22)
FNDA:3,(anonymous_23)
FNDA:1,(anonymous_24)
FNDA:1,(anonymous_25)
FNDA:1,(anonymous_26)
FNDA:0,(anonymous_27)
FNDA:1,(anonymous_28)
FNDA:0,(anonymous_29)
FNDA:0,(anonymous_30)
FNDA:0,(anonymous_31)
FNDA:1,(anonymous_32)
FNDA:0,(anonymous_33)
FNDA:0,(anonymous_34)
FNDA:0,(anonymous_35)
FNDA:0,(anonymous_36)
FNDA:0,(anonymous_37)
FNDA:1,(anonymous_38)
FNDA:0,(anonymous_39)
FNDA:0,(anonymous_40)
FNDA:1,(anonymous_41)
FNDA:0,(anonymous_42)
FNDA:0,(anonymous_43)
FNDA:0,(anonymous_44)
FNDA:0,(anonymous_45)
FNDA:0,(anonymous_46)
FNDA:1,(anonymous_47)
FNDA:0,(anonymous_48)
FNDA:0,(anonymous_49)
FNDA:1,(anonymous_50)
FNDA:0,(anonymous_51)
DA:17,14
DA:18,13
DA:19,13
DA:20,13
DA:23,13
DA:24,13
DA:25,13
DA:26,13
DA:29,13
DA:30,13
DA:31,13
DA:34,13
DA:35,13
DA:36,13
DA:38,13
DA:39,13
DA:40,13
DA:43,13
DA:44,7
DA:45,7
DA:46,7
DA:50,7
DA:51,7
DA:55,7
DA:57,0
DA:59,7
DA:64,13
DA:65,7
DA:66,7
DA:70,7
DA:71,7
DA:75,7
DA:77,0
DA:82,13
DA:83,7
DA:85,7
DA:86,7
DA:88,7
DA:93,7
DA:98,7
DA:104,7
DA:105,7
DA:107,0
DA:112,13
DA:113,0
DA:114,0
DA:115,0
DA:116,0
DA:117,0
DA:119,0
DA:124,13
DA:125,0
DA:126,0
DA:127,0
DA:131,13
DA:132,0
DA:133,0
DA:134,0
DA:135,0
DA:139,0
DA:140,0
DA:142,0
DA:144,0
DA:145,0
DA:146,0
DA:151,13
DA:152,0
DA:153,0
DA:154,0
DA:158,13
DA:159,0
DA:160,0
DA:161,0
DA:162,0
DA:166,0
DA:167,0
DA:169,0
DA:171,0
DA:173,0
DA:174,0
DA:175,0
DA:180,13
DA:181,0
DA:182,0
DA:183,0
DA:185,0
DA:190,13
DA:191,7
DA:192,7
DA:193,7
DA:197,13
DA:198,3
DA:199,3
DA:203,13
DA:204,1
DA:208,13
DA:209,1
DA:213,13
DA:214,1
DA:219,13
DA:234,0
DA:235,0
DA:246,1
DA:261,0
DA:291,0
DA:297,0
DA:310,1
DA:312,0
DA:328,0
DA:329,0
DA:339,0
DA:349,0
DA:350,0
DA:351,0
DA:379,0
DA:380,0
DA:389,1
DA:404,0
DA:434,0
DA:447,1
DA:449,0
DA:465,0
DA:466,0
DA:476,0
DA:486,0
DA:487,0
DA:488,0
DA:522,0
DA:523,0
DA:532,1
DA:547,0
DA:581,0
DA:594,1
DA:596,0
LF:134
LH:66
BRDA:132,0,0,0
BRDA:132,0,1,0
BRDA:132,1,0,0
BRDA:132,1,1,0
BRDA:159,2,0,0
BRDA:159,2,1,0
BRDA:159,3,0,0
BRDA:159,3,1,0
BRDA:204,4,0,1
BRDA:204,4,1,0
BRDA:209,5,0,1
BRDA:209,5,1,0
BRDA:214,6,0,1
BRDA:214,6,1,0
BRDA:239,7,0,7
BRDA:239,7,1,6
BRDA:241,8,0,5
BRDA:241,8,1,1
BRDA:249,9,0,1
BRDA:249,9,1,0
BRDA:251,10,0,1
BRDA:251,10,1,0
BRDA:252,11,0,1
BRDA:252,11,1,1
BRDA:253,12,0,0
BRDA:253,12,1,1
BRDA:254,13,0,1
BRDA:254,13,1,1
BRDA:256,14,0,1
BRDA:256,14,1,0
BRDA:256,14,2,0
BRDA:275,15,0,1
BRDA:275,15,1,0
BRDA:288,16,0,0
BRDA:288,16,1,1
BRDA:288,17,0,0
BRDA:288,17,1,0
BRDA:313,18,0,1
BRDA:313,18,1,0
BRDA:314,19,0,1
BRDA:314,19,1,0
BRDA:323,20,0,13
BRDA:323,20,1,0
BRDA:384,21,0,12
BRDA:384,21,1,1
BRDA:392,22,0,1
BRDA:392,22,1,0
BRDA:394,23,0,1
BRDA:394,23,1,0
BRDA:395,24,0,1
BRDA:395,24,1,1
BRDA:396,25,0,0
BRDA:396,25,1,1
BRDA:397,26,0,1
BRDA:397,26,1,1
BRDA:399,27,0,1
BRDA:399,27,1,0
BRDA:399,27,2,0
BRDA:418,28,0,1
BRDA:418,28,1,0
BRDA:431,29,0,0
BRDA:431,29,1,1
BRDA:431,30,0,0
BRDA:431,30,1,0
BRDA:450,31,0,1
BRDA:450,31,1,0
BRDA:451,32,0,1
BRDA:451,32,1,0
BRDA:460,33,0,13
BRDA:460,33,1,0
BRDA:527,34,0,12
BRDA:527,34,1,1
BRDA:535,35,0,1
BRDA:535,35,1,0
BRDA:537,36,0,1
BRDA:537,36,1,0
BRDA:538,37,0,1
BRDA:538,37,1,1
BRDA:539,38,0,0
BRDA:539,38,1,1
BRDA:540,39,0,1
BRDA:540,39,1,1
BRDA:542,40,0,1
BRDA:542,40,1,0
BRDA:542,40,2,0
BRDA:561,41,0,1
BRDA:561,41,1,0
BRDA:574,42,0,1
BRDA:574,42,1,0
BRDA:574,42,2,0
BRDA:576,43,0,1
BRDA:576,43,1,0
BRDA:578,44,0,0
BRDA:578,44,1,1
BRDA:578,45,0,0
BRDA:578,45,1,0
BRDA:597,46,0,1
BRDA:597,46,1,0
BRDA:598,47,0,1
BRDA:598,47,1,0
BRF:100
BRH:51
end_of_record
TN:
SF:src\pages\Admin\Sidebar.jsx
FN:12,Sidebar
FN:20,(anonymous_1)
FN:21,(anonymous_2)
FN:33,(anonymous_3)
FN:52,(anonymous_4)
FN:87,(anonymous_5)
FN:94,(anonymous_6)
FN:103,(anonymous_7)
FN:109,(anonymous_8)
FN:115,(anonymous_9)
FN:121,(anonymous_10)
FNF:11
FNH:10
FNDA:9,Sidebar
FNDA:5,(anonymous_1)
FNDA:5,(anonymous_2)
FNDA:1,(anonymous_3)
FNDA:1,(anonymous_4)
FNDA:0,(anonymous_5)
FNDA:2,(anonymous_6)
FNDA:1,(anonymous_7)
FNDA:1,(anonymous_8)
FNDA:1,(anonymous_9)
FNDA:1,(anonymous_10)
DA:14,9
DA:16,9
DA:17,9
DA:20,9
DA:21,5
DA:22,5
DA:23,5
DA:24,5
DA:26,0
DA:29,5
DA:33,9
DA:34,1
DA:35,1
DA:45,1
DA:47,0
DA:52,9
DA:53,1
DA:54,1
DA:55,1
DA:56,1
DA:58,1
DA:59,1
DA:69,1
DA:70,1
DA:71,1
DA:73,0
DA:76,0
DA:80,9
DA:87,0
DA:94,2
DA:103,1
DA:109,1
DA:115,1
DA:121,1
LF:34
LH:29
BRDA:55,0,0,1
BRDA:55,0,1,0
BRDA:62,1,0,1
BRDA:62,1,1,0
BRDA:81,2,0,1
BRDA:81,2,1,8
BRDA:84,3,0,9
BRDA:84,3,1,8
BRDA:99,4,0,9
BRDA:99,4,1,8
BRDA:102,5,0,0
BRDA:102,5,1,8
BRDA:108,6,0,0
BRDA:108,6,1,8
BRDA:114,7,0,0
BRDA:114,7,1,8
BRDA:120,8,0,0
BRDA:120,8,1,8
BRDA:128,9,0,9
BRDA:128,9,1,8
BRF:20
BRH:14
end_of_record
TN:
SF:src\pages\Admin\ViewLogs.jsx
FN:10,ViewLogs
FN:23,(anonymous_1)
FN:24,(anonymous_2)
FN:27,(anonymous_3)
FN:35,(anonymous_4)
FN:36,(anonymous_5)
FN:48,(anonymous_6)
FN:53,(anonymous_7)
FN:81,(anonymous_8)
FN:88,(anonymous_9)
FN:106,(anonymous_10)
FN:125,(anonymous_11)
FN:158,(anonymous_12)
FN:164,(anonymous_13)
FNF:14
FNH:11
FNDA:11,ViewLogs
FNDA:5,(anonymous_1)
FNDA:5,(anonymous_2)
FNDA:4,(anonymous_3)
FNDA:6,(anonymous_4)
FNDA:16,(anonymous_5)
FNDA:1,(anonymous_6)
FNDA:1,(anonymous_7)
FNDA:0,(anonymous_8)
FNDA:0,(anonymous_9)
FNDA:1,(anonymous_10)
FNDA:5,(anonymous_11)
FNDA:10,(anonymous_12)
FNDA:0,(anonymous_13)
DA:12,11
DA:14,10
DA:16,10
DA:18,10
DA:20,10
DA:23,10
DA:24,5
DA:25,5
DA:26,5
DA:27,5
DA:28,5
DA:31,5
DA:35,10
DA:36,6
DA:37,16
DA:42,10
DA:43,10
DA:44,10
DA:45,10
DA:48,10
DA:49,1
DA:50,1
DA:51,1
DA:53,1
DA:54,1
DA:63,1
DA:66,1
DA:67,1
DA:72,1
DA:76,10
DA:77,10
DA:78,10
DA:81,10
DA:82,0
DA:83,0
DA:88,10
DA:89,0
DA:90,0
DA:94,10
DA:106,1
DA:126,5
DA:159,10
DA:160,10
DA:164,0
LF:44
LH:39
BRDA:55,0,0,1
BRDA:55,0,1,0
BRDA:56,1,0,1
BRDA:56,1,1,0
BRDA:57,2,0,1
BRDA:57,2,1,0
BRDA:58,3,0,1
BRDA:58,3,1,0
BRDA:59,4,0,1
BRDA:59,4,1,0
BRDA:60,5,0,1
BRDA:60,5,1,0
BRDA:61,6,0,1
BRDA:61,6,1,0
BRDA:82,7,0,0
BRDA:82,7,1,0
BRDA:89,8,0,0
BRDA:89,8,1,0
BRDA:124,9,0,4
BRDA:124,9,1,6
BRDA:128,10,0,5
BRDA:128,10,1,0
BRDA:132,11,0,5
BRDA:132,11,1,0
BRDA:133,12,0,5
BRDA:133,12,1,0
BRDA:137,13,0,5
BRDA:137,13,1,0
BRDA:153,14,0,10
BRDA:153,14,1,0
BRDA:163,15,0,10
BRDA:163,15,1,0
BRDA:170,16,0,10
BRDA:170,16,1,0
BRF:34
BRH:16
end_of_record
TN:
SF:src\pages\Researcher\CollaboratePage.jsx
FN:34,(anonymous_0)
FN:47,(anonymous_1)
FN:48,(anonymous_2)
FN:62,(anonymous_3)
FN:64,(anonymous_4)
FN:74,(anonymous_5)
FN:85,(anonymous_6)
FN:125,(anonymous_7)
FN:134,(anonymous_8)
FN:153,(anonymous_9)
FN:155,(anonymous_10)
FN:217,(anonymous_11)
FN:228,(anonymous_12)
FN:237,(anonymous_13)
FN:255,(anonymous_14)
FN:270,(anonymous_15)
FN:288,(anonymous_16)
FN:315,(anonymous_17)
FN:349,(anonymous_18)
FN:350,(anonymous_19)
FN:371,(anonymous_20)
FN:382,(anonymous_21)
FNF:22
FNH:12
FNDA:20,(anonymous_0)
FNDA:7,(anonymous_1)
FNDA:7,(anonymous_2)
FNDA:0,(anonymous_3)
FNDA:0,(anonymous_4)
FNDA:0,(anonymous_5)
FNDA:1,(anonymous_6)
FNDA:0,(anonymous_7)
FNDA:1,(anonymous_8)
FNDA:1,(anonymous_9)
FNDA:1,(anonymous_10)
FNDA:0,(anonymous_11)
FNDA:0,(anonymous_12)
FNDA:0,(anonymous_13)
FNDA:1,(anonymous_14)
FNDA:1,(anonymous_15)
FNDA:1,(anonymous_16)
FNDA:2,(anonymous_17)
FNDA:0,(anonymous_18)
FNDA:0,(anonymous_19)
FNDA:0,(anonymous_20)
FNDA:1,(anonymous_21)
DA:34,1
DA:35,20
DA:37,20
DA:39,20
DA:41,20
DA:43,20
DA:47,20
DA:48,7
DA:49,7
DA:50,7
DA:51,7
DA:52,7
DA:55,7
DA:60,7
DA:62,7
DA:63,0
DA:64,0
DA:68,7
DA:74,6
DA:77,5
DA:81,5
DA:84,4
DA:86,1
DA:87,1
DA:90,1
DA:93,1
DA:94,1
DA:99,1
DA:105,1
DA:106,1
DA:109,1
DA:111,1
DA:122,4
DA:125,4
DA:126,0
DA:127,0
DA:130,4
DA:133,4
DA:134,4
DA:135,1
DA:141,4
DA:144,1
DA:146,5
DA:149,7
DA:153,20
DA:154,1
DA:155,1
DA:160,1
DA:161,1
DA:162,0
DA:163,0
DA:167,1
DA:172,1
DA:173,0
DA:174,0
DA:175,0
DA:179,0
DA:185,0
DA:186,0
DA:187,0
DA:188,0
DA:192,0
DA:195,0
DA:206,0
DA:207,0
DA:209,0
DA:216,0
DA:217,0
DA:227,0
DA:228,0
DA:236,20
DA:237,0
DA:241,20
DA:255,1
DA:270,1
DA:288,1
DA:316,2
DA:317,2
DA:318,2
DA:320,2
DA:350,0
DA:371,0
DA:382,1
LF:83
LH:57
BRDA:52,0,0,0
BRDA:52,0,1,7
BRDA:90,1,0,0
BRDA:90,1,1,1
BRDA:94,2,0,1
BRDA:94,2,1,0
BRDA:126,3,0,0
BRDA:126,3,1,0
BRDA:127,4,0,0
BRDA:127,4,1,0
BRDA:161,5,0,0
BRDA:161,5,1,1
BRDA:173,6,0,0
BRDA:173,6,1,0
BRDA:186,7,0,0
BRDA:186,7,1,0
BRDA:192,8,0,0
BRDA:192,8,1,0
BRDA:199,9,0,0
BRDA:199,9,1,0
BRDA:207,10,0,0
BRDA:207,10,1,0
BRDA:211,11,0,0
BRDA:211,11,1,0
BRDA:236,12,0,1
BRDA:236,12,1,19
BRDA:296,13,0,8
BRDA:296,13,1,12
BRDA:309,14,0,10
BRDA:309,14,1,2
BRDA:316,15,0,2
BRDA:316,15,1,0
BRDA:341,16,0,2
BRDA:341,16,1,2
BRDA:348,17,0,2
BRDA:348,17,1,2
BRDA:382,18,0,1
BRDA:382,18,1,1
BRDA:383,19,0,2
BRDA:383,19,1,2
BRDA:385,20,0,0
BRDA:385,20,1,2
BRDA:386,21,0,0
BRDA:386,21,1,2
BRDA:388,22,0,0
BRDA:388,22,1,2
BRDA:395,23,0,0
BRDA:395,23,1,2
BRDA:397,24,0,1
BRDA:397,24,1,1
BRF:50
BRH:25
end_of_record
TN:
SF:src\pages\Researcher\ResearcherProfile.jsx
FN:19,(anonymous_0)
FN:32,(anonymous_1)
FN:33,(anonymous_2)
FN:40,(anonymous_3)
FN:49,(anonymous_4)
FN:56,(anonymous_5)
FN:57,(anonymous_6)
FN:109,(anonymous_7)
FN:147,(anonymous_8)
FN:167,(anonymous_9)
FN:184,(anonymous_10)
FN:206,(anonymous_11)
FN:222,(anonymous_12)
FN:238,(anonymous_13)
FN:254,(anonymous_14)
FN:289,(anonymous_15)
FN:337,(anonymous_16)
FNF:17
FNH:7
FNDA:41,(anonymous_0)
FNDA:11,(anonymous_1)
FNDA:11,(anonymous_2)
FNDA:10,(anonymous_3)
FNDA:0,(anonymous_4)
FNDA:21,(anonymous_5)
FNDA:21,(anonymous_6)
FNDA:0,(anonymous_7)
FNDA:0,(anonymous_8)
FNDA:0,(anonymous_9)
FNDA:0,(anonymous_10)
FNDA:0,(anonymous_11)
FNDA:0,(anonymous_12)
FNDA:0,(anonymous_13)
FNDA:0,(anonymous_14)
FNDA:0,(anonymous_15)
FNDA:1,(anonymous_16)
DA:19,1
DA:20,41
DA:22,41
DA:24,40
DA:26,40
DA:27,40
DA:29,40
DA:32,40
DA:33,11
DA:34,11
DA:35,11
DA:36,1
DA:37,1
DA:40,10
DA:41,10
DA:42,10
DA:44,0
DA:45,0
DA:49,10
DA:52,11
DA:56,40
DA:57,21
DA:58,21
DA:60,10
DA:61,10
DA:62,10
DA:63,10
DA:65,9
DA:67,8
DA:68,8
DA:81,1
DA:84,1
DA:85,1
DA:87,10
DA:91,21
DA:95,40
DA:96,31
DA:104,9
DA:105,2
DA:109,0
DA:127,7
DA:147,0
DA:167,0
DA:184,0
DA:207,0
DA:208,0
DA:223,0
DA:224,0
DA:239,0
DA:240,0
DA:255,0
DA:256,0
DA:290,0
DA:337,1
LF:54
LH:39
BRDA:35,0,0,1
BRDA:35,0,1,10
BRDA:41,1,0,10
BRDA:41,1,1,0
BRDA:58,2,0,11
BRDA:58,2,1,10
BRDA:65,3,0,8
BRDA:65,3,1,1
BRDA:69,4,0,8
BRDA:69,4,1,1
BRDA:70,5,0,8
BRDA:70,5,1,1
BRDA:71,6,0,8
BRDA:71,6,1,0
BRDA:72,7,0,8
BRDA:72,7,1,1
BRDA:73,8,0,8
BRDA:73,8,1,1
BRDA:74,9,0,8
BRDA:74,9,1,8
BRDA:75,10,0,8
BRDA:75,10,1,8
BRDA:76,11,0,8
BRDA:76,11,1,8
BRDA:77,12,0,8
BRDA:77,12,1,8
BRDA:78,13,0,8
BRDA:78,13,1,5
BRDA:95,14,0,31
BRDA:95,14,1,9
BRDA:104,15,0,2
BRDA:104,15,1,7
BRDA:277,16,0,2
BRDA:277,16,1,5
BRDA:311,17,0,5
BRDA:311,17,1,1
BRF:36
BRH:34
end_of_record
TN:
SF:src\pages\Researcher\chatService.js
FN:15,(anonymous_0)
FN:41,(anonymous_1)
FN:58,(anonymous_2)
FN:78,(anonymous_3)
FN:91,(anonymous_4)
FN:92,(anonymous_5)
FN:96,(anonymous_6)
FN:107,(anonymous_7)
FN:108,(anonymous_8)
FNF:9
FNH:9
FNDA:3,(anonymous_0)
FNDA:2,(anonymous_1)
FNDA:2,(anonymous_2)
FNDA:4,(anonymous_3)
FNDA:3,(anonymous_4)
FNDA:3,(anonymous_5)
FNDA:2,(anonymous_6)
FNDA:1,(anonymous_7)
FNDA:2,(anonymous_8)
DA:13,1
DA:16,3
DA:17,3
DA:18,3
DA:20,2
DA:21,1
DA:30,2
DA:35,1
DA:36,1
DA:42,2
DA:43,2
DA:44,2
DA:45,1
DA:47,1
DA:52,1
DA:53,1
DA:59,2
DA:60,2
DA:61,2
DA:62,2
DA:63,1
DA:65,1
DA:72,1
DA:73,1
DA:79,4
DA:80,4
DA:82,3
DA:83,2
DA:85,1
DA:86,1
DA:92,3
DA:93,3
DA:94,2
DA:95,2
DA:96,2
DA:108,2
LF:36
LH:36
BRDA:20,0,0,1
BRDA:20,0,1,1
BRDA:32,1,0,1
BRDA:32,1,1,1
BRDA:45,2,0,1
BRDA:45,2,1,0
BRDA:45,3,0,1
BRDA:45,3,1,0
BRDA:80,4,0,1
BRDA:80,4,1,3
BRDA:83,5,0,1
BRDA:83,5,1,1
BRDA:83,6,0,1
BRDA:83,6,1,0
BRDA:93,7,0,2
BRDA:93,7,1,1
BRDA:98,8,0,1
BRDA:98,8,1,1
BRDA:100,9,0,2
BRDA:100,9,1,1
BRF:20
BRH:17
end_of_record
TN:
SF:src\pages\Researcher\fundingService.js
FN:6,(anonymous_0)
FN:8,(anonymous_1)
FN:20,(anonymous_2)
FN:34,(anonymous_3)
FN:48,(anonymous_4)
FNF:5
FNH:5
FNDA:1,(anonymous_0)
FNDA:1,(anonymous_1)
FNDA:2,(anonymous_2)
FNDA:2,(anonymous_3)
FNDA:1,(anonymous_4)
DA:4,1
DA:7,1
DA:8,1
DA:9,1
DA:10,1
DA:21,2
DA:22,2
DA:23,2
DA:25,2
DA:35,2
DA:36,2
DA:37,2
DA:39,2
DA:49,1
DA:50,1
LF:15
LH:15
BRDA:9,0,0,1
BRDA:9,0,1,0
BRDA:11,1,0,1
BRDA:11,1,1,0
BRDA:12,2,0,1
BRDA:12,2,1,0
BRDA:13,3,0,1
BRDA:13,3,1,0
BRDA:23,4,0,1
BRDA:23,4,1,1
BRDA:23,5,0,1
BRDA:23,5,1,0
BRDA:37,6,0,1
BRDA:37,6,1,1
BRDA:37,7,0,1
BRDA:37,7,1,0
BRF:16
BRH:10
end_of_record
TN:
SF:src\pages\Researcher\milestoneService.js
FN:7,(anonymous_0)
FN:9,(anonymous_1)
FN:21,(anonymous_2)
FN:37,(anonymous_3)
FN:39,(anonymous_4)
FN:51,(anonymous_5)
FN:53,(anonymous_6)
FN:58,(anonymous_7)
FN:67,(anonymous_8)
FNF:9
FNH:9
FNDA:1,(anonymous_0)
FNDA:1,(anonymous_1)
FNDA:1,(anonymous_2)
FNDA:2,(anonymous_3)
FNDA:2,(anonymous_4)
FNDA:1,(anonymous_5)
FNDA:2,(anonymous_6)
FNDA:1,(anonymous_7)
FNDA:1,(anonymous_8)
DA:5,1
DA:8,1
DA:9,1
DA:10,1
DA:11,1
DA:22,1
DA:23,1
DA:24,1
DA:26,1
DA:38,2
DA:39,2
DA:40,2
DA:41,2
DA:45,0
DA:47,2
DA:52,1
DA:53,2
DA:54,1
DA:59,1
DA:60,1
DA:68,1
DA:69,1
LF:22
LH:21
BRDA:10,0,0,1
BRDA:10,0,1,0
BRDA:12,1,0,1
BRDA:12,1,1,0
BRDA:13,2,0,1
BRDA:13,2,1,0
BRDA:14,3,0,1
BRDA:14,3,1,0
BRDA:24,4,0,1
BRDA:24,4,1,0
BRDA:24,5,0,1
BRDA:24,5,1,0
BRDA:40,6,0,2
BRDA:40,6,1,0
BRDA:41,7,0,1
BRDA:41,7,1,1
BRF:16
BRH:9
end_of_record
TN:
SF:src\pages\Researcher\researcherDashboardLogic.js
FN:22,(anonymous_0)
FN:49,(anonymous_1)
FN:51,(anonymous_2)
FN:57,(anonymous_3)
FN:59,(anonymous_4)
FN:67,(anonymous_5)
FN:71,(anonymous_6)
FN:77,(anonymous_7)
FN:84,(anonymous_8)
FN:90,(anonymous_9)
FN:93,(anonymous_10)
FN:108,(anonymous_11)
FN:112,(anonymous_12)
FN:119,(anonymous_13)
FN:120,(anonymous_14)
FN:126,(anonymous_15)
FN:132,(anonymous_16)
FN:133,(anonymous_17)
FN:135,(anonymous_18)
FN:146,(anonymous_19)
FN:153,(anonymous_20)
FN:156,(anonymous_21)
FN:165,(anonymous_22)
FN:184,(anonymous_23)
FN:188,(anonymous_24)
FN:191,(anonymous_25)
FN:199,(anonymous_26)
FN:206,(anonymous_27)
FN:210,(anonymous_28)
FN:215,(anonymous_29)
FN:223,(anonymous_30)
FN:232,(anonymous_31)
FN:239,(anonymous_32)
FN:252,(anonymous_33)
FN:284,(anonymous_34)
FN:305,(anonymous_35)
FN:318,(anonymous_36)
FN:319,(anonymous_37)
FN:320,(anonymous_38)
FN:324,(anonymous_39)
FN:329,(anonymous_40)
FN:337,(anonymous_41)
FN:355,(anonymous_42)
FN:375,(anonymous_43)
FNF:44
FNH:30
FNDA:85,(anonymous_0)
FNDA:28,(anonymous_1)
FNDA:28,(anonymous_2)
FNDA:21,(anonymous_3)
FNDA:0,(anonymous_4)
FNDA:28,(anonymous_5)
FNDA:68,(anonymous_6)
FNDA:0,(anonymous_7)
FNDA:0,(anonymous_8)
FNDA:68,(anonymous_9)
FNDA:14,(anonymous_10)
FNDA:14,(anonymous_11)
FNDA:32,(anonymous_12)
FNDA:0,(anonymous_13)
FNDA:0,(anonymous_14)
FNDA:0,(anonymous_15)
FNDA:0,(anonymous_16)
FNDA:0,(anonymous_17)
FNDA:0,(anonymous_18)
FNDA:4,(anonymous_19)
FNDA:34,(anonymous_20)
FNDA:2,(anonymous_21)
FNDA:2,(anonymous_22)
FNDA:2,(anonymous_23)
FNDA:34,(anonymous_24)
FNDA:2,(anonymous_25)
FNDA:1,(anonymous_26)
FNDA:2,(anonymous_27)
FNDA:30,(anonymous_28)
FNDA:3,(anonymous_29)
FNDA:0,(anonymous_30)
FNDA:0,(anonymous_31)
FNDA:6,(anonymous_32)
FNDA:7,(anonymous_33)
FNDA:0,(anonymous_34)
FNDA:0,(anonymous_35)
FNDA:3,(anonymous_36)
FNDA:3,(anonymous_37)
FNDA:1,(anonymous_38)
FNDA:2,(anonymous_39)
FNDA:4,(anonymous_40)
FNDA:3,(anonymous_41)
FNDA:3,(anonymous_42)
FNDA:0,(anonymous_43)
DA:22,1
DA:23,85
DA:26,85
DA:27,85
DA:28,85
DA:29,85
DA:30,85
DA:31,85
DA:32,85
DA:33,85
DA:34,85
DA:35,85
DA:36,85
DA:37,85
DA:38,85
DA:39,85
DA:40,85
DA:41,85
DA:42,85
DA:43,85
DA:44,85
DA:45,85
DA:46,85
DA:49,85
DA:50,28
DA:51,28
DA:52,28
DA:53,28
DA:55,27
DA:56,26
DA:57,26
DA:59,0
DA:63,1
DA:66,28
DA:67,28
DA:71,85
DA:72,68
DA:73,68
DA:74,68
DA:75,68
DA:77,0
DA:78,0
DA:80,0
DA:81,0
DA:84,0
DA:85,0
DA:90,85
DA:91,68
DA:92,14
DA:93,14
DA:94,14
DA:95,14
DA:96,13
DA:97,11
DA:98,5
DA:99,5
DA:101,0
DA:104,7
DA:107,14
DA:108,14
DA:112,85
DA:113,32
DA:114,4
DA:115,4
DA:116,4
DA:117,4
DA:118,4
DA:119,4
DA:120,0
DA:125,0
DA:126,0
DA:128,4
DA:132,4
DA:133,0
DA:134,0
DA:136,0
DA:137,0
DA:140,0
DA:144,0
DA:146,4
DA:147,4
DA:148,4
DA:153,85
DA:154,34
DA:155,2
DA:156,2
DA:157,2
DA:158,2
DA:159,2
DA:160,2
DA:161,1
DA:162,1
DA:164,1
DA:166,2
DA:167,2
DA:168,2
DA:169,2
DA:174,0
DA:178,1
DA:180,0
DA:183,2
DA:184,2
DA:188,85
DA:189,34
DA:190,2
DA:191,2
DA:192,2
DA:193,2
DA:194,2
DA:195,2
DA:196,1
DA:197,1
DA:199,1
DA:200,1
DA:202,0
DA:205,2
DA:206,2
DA:210,85
DA:211,30
DA:215,85
DA:216,3
DA:217,3
DA:218,3
DA:219,3
DA:220,3
DA:222,0
DA:223,0
DA:224,0
DA:225,0
DA:226,0
DA:228,0
DA:229,0
DA:230,0
DA:231,0
DA:232,0
DA:233,0
DA:235,0
DA:239,85
DA:240,6
DA:241,1
DA:242,1
DA:246,0
DA:247,0
DA:252,85
DA:253,7
DA:255,6
DA:256,6
DA:258,6
DA:260,1
DA:261,1
DA:262,1
DA:265,0
DA:266,0
DA:268,0
DA:269,0
DA:271,0
DA:272,0
DA:274,0
DA:278,0
DA:279,0
DA:284,85
DA:285,0
DA:287,0
DA:292,0
DA:299,0
DA:301,0
DA:305,85
DA:306,0
DA:307,0
DA:311,0
DA:313,0
DA:318,85
DA:319,85
DA:320,85
DA:321,1
DA:322,1
DA:324,85
DA:325,2
DA:326,2
DA:327,2
DA:329,85
DA:330,4
DA:331,4
DA:332,4
DA:333,4
DA:337,85
DA:338,3
DA:339,3
DA:350,1
DA:355,85
DA:356,3
DA:357,3
DA:358,3
DA:359,3
DA:368,3
DA:369,3
DA:372,0
DA:375,85
DA:376,0
DA:377,0
DA:378,0
DA:379,0
DA:388,0
DA:389,0
DA:390,0
DA:392,0
DA:393,0
DA:397,85
LF:208
LH:146
BRDA:55,0,0,26
BRDA:55,0,1,1
BRDA:56,1,0,26
BRDA:56,1,1,0
BRDA:73,2,0,68
BRDA:73,2,1,0
BRDA:78,3,0,0
BRDA:78,3,1,0
BRDA:85,4,0,0
BRDA:85,4,1,0
BRDA:91,5,0,54
BRDA:91,5,1,14
BRDA:96,6,0,2
BRDA:96,6,1,11
BRDA:97,7,0,5
BRDA:97,7,1,0
BRDA:99,8,0,5
BRDA:99,8,1,0
BRDA:104,9,0,7
BRDA:104,9,1,0
BRDA:113,10,0,28
BRDA:113,10,1,4
BRDA:123,11,0,0
BRDA:123,11,1,0
BRDA:137,12,0,0
BRDA:137,12,1,0
BRDA:147,13,0,0
BRDA:147,13,1,4
BRDA:148,14,0,0
BRDA:148,14,1,4
BRDA:154,15,0,32
BRDA:154,15,1,2
BRDA:154,16,0,34
BRDA:154,16,1,6
BRDA:160,17,0,1
BRDA:160,17,1,1
BRDA:160,18,0,2
BRDA:160,18,1,1
BRDA:171,19,0,2
BRDA:171,19,1,0
BRDA:178,20,0,1
BRDA:178,20,1,0
BRDA:189,21,0,32
BRDA:189,21,1,2
BRDA:189,22,0,34
BRDA:189,22,1,6
BRDA:195,23,0,1
BRDA:195,23,1,1
BRDA:195,24,0,2
BRDA:195,24,1,1
BRDA:200,25,0,1
BRDA:200,25,1,0
BRDA:216,26,0,3
BRDA:216,26,1,0
BRDA:224,27,0,0
BRDA:224,27,1,0
BRDA:225,28,0,0
BRDA:225,28,1,0
BRDA:226,29,0,0
BRDA:226,29,1,0
BRDA:240,30,0,5
BRDA:240,30,1,1
BRDA:240,31,0,6
BRDA:240,31,1,1
BRDA:253,32,0,1
BRDA:253,32,1,6
BRDA:253,33,0,7
BRDA:253,33,1,6
BRDA:258,34,0,5
BRDA:258,34,1,1
BRDA:260,35,0,1
BRDA:260,35,1,0
BRDA:266,36,0,0
BRDA:266,36,1,0
BRDA:266,36,2,0
BRDA:295,37,0,0
BRDA:295,37,1,0
BRDA:325,38,0,2
BRDA:325,38,1,1
BRDA:346,39,0,3
BRDA:346,39,1,0
BRDA:358,40,0,3
BRDA:358,40,1,0
BRDA:362,41,0,3
BRDA:362,41,1,0
BRDA:376,42,0,0
BRDA:376,42,1,0
BRF:87
BRH:51
end_of_record
TN:
SF:src\pages\Researcher\researcherEditProfileLogic.js
FN:11,(anonymous_0)
FN:26,(anonymous_1)
FN:32,(anonymous_2)
FN:41,(anonymous_3)
FN:49,(anonymous_4)
FN:51,(anonymous_5)
FN:73,(anonymous_6)
FN:75,(anonymous_7)
FN:77,(anonymous_8)
FN:83,(anonymous_9)
FN:105,(anonymous_10)
FN:122,(anonymous_11)
FNF:12
FNH:12
FNDA:15,(anonymous_0)
FNDA:7,(anonymous_1)
FNDA:6,(anonymous_2)
FNDA:6,(anonymous_3)
FNDA:13,(anonymous_4)
FNDA:6,(anonymous_5)
FNDA:2,(anonymous_6)
FNDA:1,(anonymous_7)
FNDA:1,(anonymous_8)
FNDA:3,(anonymous_9)
FNDA:18,(anonymous_10)
FNDA:1,(anonymous_11)
DA:11,1
DA:12,15
DA:14,15
DA:23,15
DA:26,15
DA:27,7
DA:28,7
DA:29,1
DA:30,1
DA:32,6
DA:33,6
DA:34,6
DA:36,0
DA:37,0
DA:41,6
DA:42,6
DA:43,3
DA:49,15
DA:50,13
DA:51,6
DA:52,6
DA:53,6
DA:54,6
DA:55,6
DA:56,0
DA:57,0
DA:67,0
DA:73,15
DA:74,2
DA:75,1
DA:77,1
DA:82,15
DA:84,3
DA:85,3
DA:86,3
DA:87,0
DA:88,0
DA:90,3
DA:91,3
DA:92,3
DA:93,3
DA:98,1
DA:99,1
DA:100,1
DA:101,1
DA:102,2
DA:103,0
DA:105,3
DA:106,18
DA:108,3
DA:111,2
DA:112,2
DA:114,1
DA:115,1
DA:122,15
DA:123,1
DA:124,1
DA:126,0
DA:129,1
DA:130,1
DA:132,1
DA:137,15
LF:62
LH:53
BRDA:28,0,0,1
BRDA:28,0,1,6
BRDA:33,1,0,6
BRDA:33,1,1,0
BRDA:42,2,0,3
BRDA:42,2,1,3
BRDA:42,3,0,6
BRDA:42,3,1,3
BRDA:50,4,0,7
BRDA:50,4,1,6
BRDA:55,5,0,0
BRDA:55,5,1,6
BRDA:55,6,0,6
BRDA:55,6,1,0
BRDA:55,6,2,0
BRDA:58,7,0,0
BRDA:58,7,1,0
BRDA:59,8,0,0
BRDA:59,8,1,0
BRDA:60,9,0,0
BRDA:60,9,1,0
BRDA:61,10,0,0
BRDA:61,10,1,0
BRDA:62,11,0,0
BRDA:62,11,1,0
BRDA:63,12,0,0
BRDA:63,12,1,0
BRDA:74,13,0,1
BRDA:74,13,1,1
BRDA:85,14,0,3
BRDA:85,14,1,0
BRDA:85,14,2,0
BRDA:86,15,0,0
BRDA:86,15,1,3
BRDA:90,16,0,0
BRDA:90,16,1,3
BRDA:93,17,0,1
BRDA:93,17,1,2
BRDA:94,18,0,3
BRDA:94,18,1,1
BRDA:94,18,2,0
BRDA:102,19,0,0
BRDA:102,19,1,2
BRDA:106,20,0,0
BRDA:106,20,1,18
BRDA:129,21,0,1
BRDA:129,21,1,0
BRF:47
BRH:23
end_of_record
TN:
SF:src\pages\Reviewer\authContext.js
FN:9,(anonymous_0)
FN:12,(anonymous_1)
FN:13,(anonymous_2)
FN:43,(anonymous_3)
FN:53,(anonymous_4)
FNF:5
FNH:5
FNDA:3,(anonymous_0)
FNDA:2,(anonymous_1)
FNDA:2,(anonymous_2)
FNDA:2,(anonymous_3)
FNDA:3,(anonymous_4)
DA:6,1
DA:7,1
DA:9,1
DA:10,3
DA:12,3
DA:13,2
DA:14,2
DA:15,1
DA:18,1
DA:26,1
DA:28,1
DA:31,1
DA:39,1
DA:43,2
DA:46,3
DA:53,3
LF:16
LH:16
BRDA:14,0,0,1
BRDA:14,0,1,1
BRDA:21,1,0,1
BRDA:21,1,1,0
BRF:4
BRH:3
end_of_record
TN:
SF:src\utils\sendMessage.js
FN:6,(anonymous_0)
FNF:1
FNH:1
FNDA:6,(anonymous_0)
DA:6,2
DA:7,6
DA:8,1
DA:10,5
DA:11,1
DA:13,4
DA:14,4
DA:19,3
DA:21,1
DA:22,1
DA:27,2
LF:11
LH:11
BRDA:7,0,0,1
BRDA:7,0,1,5
BRDA:10,1,0,1
BRDA:10,1,1,4
BRF:4
BRH:4
end_of_record
