TN:
SF:src\components\Footer.jsx
FN:3,(anonymous_0)
FN:4,(anonymous_1)
FN:68,(anonymous_2)
FNF:3
FNH:3
FNDA:16,(anonymous_0)
FNDA:10,(anonymous_1)
FNDA:10,(anonymous_2)
DA:3,2
DA:4,16
DA:5,10
DA:6,10
DA:67,10
DA:68,10
DA:71,16
DA:80,16
LF:8
LH:8
BRF:0
BRH:0
end_of_record
TN:
SF:src\config\firebaseConfig.js
FNF:0
FNH:0
DA:7,1
DA:18,1
DA:21,1
DA:22,1
DA:23,1
DA:24,1
LF:6
LH:6
BRF:0
BRH:0
end_of_record
TN:
SF:src\pages\LandingPage.jsx
FN:9,LandingPage
FNF:1
FNH:1
FNDA:4,LandingPage
DA:10,4
LF:1
LH:1
BRF:0
BRH:0
end_of_record
TN:
SF:src\pages\TermsAndConditions.jsx
FN:10,(anonymous_0)
FN:16,(anonymous_1)
FNF:2
FNH:1
FNDA:5,(anonymous_0)
FNDA:0,(anonymous_1)
DA:10,1
DA:11,5
DA:13,5
DA:16,0
LF:4
LH:3
BRF:0
BRH:0
end_of_record
TN:
SF:src\pages\Admin\AdminPage.jsx
FN:11,AdminPage
FNF:1
FNH:1
FNDA:12,AdminPage
DA:12,12
DA:14,12
DA:43,12
DA:44,12
LF:4
LH:4
BRDA:11,0,0,11
BRDA:51,1,0,6
BRDA:51,1,1,6
BRDA:53,2,0,1
BRDA:53,2,1,5
BRDA:55,3,0,2
BRDA:55,3,1,3
BRDA:57,4,0,1
BRDA:57,4,1,2
BRDA:59,5,0,2
BRDA:59,5,1,0
BRDA:64,6,0,6
BRDA:64,6,1,6
BRDA:66,7,0,1
BRDA:66,7,1,5
BRDA:68,8,0,2
BRDA:68,8,1,3
BRDA:70,9,0,1
BRDA:70,9,1,2
BRDA:72,10,0,2
BRDA:72,10,1,0
BRDA:77,11,0,12
BRDA:77,11,1,6
BRDA:78,12,0,12
BRDA:78,12,1,1
BRDA:79,13,0,12
BRDA:79,13,1,2
BRDA:80,14,0,12
BRDA:80,14,1,1
BRDA:81,15,0,12
BRDA:81,15,1,2
BRF:31
BRH:29
end_of_record
TN:
SF:src\pages\Researcher\CollaboratePage.jsx
FN:34,(anonymous_0)
FN:47,(anonymous_1)
FN:48,(anonymous_2)
FN:62,(anonymous_3)
FN:64,(anonymous_4)
FN:74,(anonymous_5)
FN:85,(anonymous_6)
FN:125,(anonymous_7)
FN:134,(anonymous_8)
FN:153,(anonymous_9)
FN:155,(anonymous_10)
FN:217,(anonymous_11)
FN:228,(anonymous_12)
FN:237,(anonymous_13)
FN:255,(anonymous_14)
FN:270,(anonymous_15)
FN:288,(anonymous_16)
FN:315,(anonymous_17)
FN:349,(anonymous_18)
FN:350,(anonymous_19)
FN:371,(anonymous_20)
FN:382,(anonymous_21)
FNF:22
FNH:3
FNDA:9,(anonymous_0)
FNDA:3,(anonymous_1)
FNDA:3,(anonymous_2)
FNDA:0,(anonymous_3)
FNDA:0,(anonymous_4)
FNDA:0,(anonymous_5)
FNDA:0,(anonymous_6)
FNDA:0,(anonymous_7)
FNDA:0,(anonymous_8)
FNDA:0,(anonymous_9)
FNDA:0,(anonymous_10)
FNDA:0,(anonymous_11)
FNDA:0,(anonymous_12)
FNDA:0,(anonymous_13)
FNDA:0,(anonymous_14)
FNDA:0,(anonymous_15)
FNDA:0,(anonymous_16)
FNDA:0,(anonymous_17)
FNDA:0,(anonymous_18)
FNDA:0,(anonymous_19)
FNDA:0,(anonymous_20)
FNDA:0,(anonymous_21)
DA:34,1
DA:35,9
DA:37,9
DA:39,9
DA:41,9
DA:43,9
DA:47,9
DA:48,3
DA:49,3
DA:50,3
DA:51,3
DA:52,3
DA:55,3
DA:60,3
DA:62,3
DA:63,0
DA:64,0
DA:68,3
DA:74,3
DA:77,3
DA:81,3
DA:84,3
DA:86,0
DA:87,0
DA:90,0
DA:93,0
DA:94,0
DA:99,0
DA:105,0
DA:106,0
DA:109,0
DA:111,0
DA:122,3
DA:125,3
DA:126,0
DA:127,0
DA:130,3
DA:133,3
DA:134,3
DA:135,0
DA:141,3
DA:144,0
DA:146,3
DA:149,3
DA:153,9
DA:154,0
DA:155,0
DA:160,0
DA:161,0
DA:162,0
DA:163,0
DA:167,0
DA:172,0
DA:173,0
DA:174,0
DA:175,0
DA:179,0
DA:185,0
DA:186,0
DA:187,0
DA:188,0
DA:192,0
DA:195,0
DA:206,0
DA:207,0
DA:209,0
DA:216,0
DA:217,0
DA:227,0
DA:228,0
DA:236,9
DA:237,0
DA:241,9
DA:255,0
DA:270,0
DA:288,0
DA:316,0
DA:317,0
DA:318,0
DA:320,0
DA:350,0
DA:371,0
DA:382,0
LF:83
LH:31
BRDA:52,0,0,0
BRDA:52,0,1,3
BRDA:90,1,0,0
BRDA:90,1,1,0
BRDA:94,2,0,0
BRDA:94,2,1,0
BRDA:126,3,0,0
BRDA:126,3,1,0
BRDA:127,4,0,0
BRDA:127,4,1,0
BRDA:161,5,0,0
BRDA:161,5,1,0
BRDA:173,6,0,0
BRDA:173,6,1,0
BRDA:186,7,0,0
BRDA:186,7,1,0
BRDA:192,8,0,0
BRDA:192,8,1,0
BRDA:199,9,0,0
BRDA:199,9,1,0
BRDA:207,10,0,0
BRDA:207,10,1,0
BRDA:211,11,0,0
BRDA:211,11,1,0
BRDA:236,12,0,0
BRDA:236,12,1,9
BRDA:296,13,0,3
BRDA:296,13,1,6
BRDA:309,14,0,6
BRDA:309,14,1,0
BRDA:316,15,0,0
BRDA:316,15,1,0
BRDA:341,16,0,0
BRDA:341,16,1,0
BRDA:348,17,0,0
BRDA:348,17,1,0
BRDA:382,18,0,0
BRDA:382,18,1,0
BRDA:383,19,0,0
BRDA:383,19,1,0
BRDA:385,20,0,0
BRDA:385,20,1,0
BRDA:386,21,0,0
BRDA:386,21,1,0
BRDA:388,22,0,0
BRDA:388,22,1,0
BRDA:395,23,0,0
BRDA:395,23,1,0
BRDA:397,24,0,0
BRDA:397,24,1,0
BRF:50
BRH:5
end_of_record
TN:
SF:src\pages\Researcher\ResearcherProfile.jsx
FN:19,(anonymous_0)
FN:32,(anonymous_1)
FN:33,(anonymous_2)
FN:40,(anonymous_3)
FN:49,(anonymous_4)
FN:56,(anonymous_5)
FN:57,(anonymous_6)
FN:109,(anonymous_7)
FN:147,(anonymous_8)
FN:167,(anonymous_9)
FN:184,(anonymous_10)
FN:206,(anonymous_11)
FN:222,(anonymous_12)
FN:238,(anonymous_13)
FN:254,(anonymous_14)
FN:289,(anonymous_15)
FN:337,(anonymous_16)
FNF:17
FNH:7
FNDA:41,(anonymous_0)
FNDA:11,(anonymous_1)
FNDA:11,(anonymous_2)
FNDA:10,(anonymous_3)
FNDA:0,(anonymous_4)
FNDA:21,(anonymous_5)
FNDA:21,(anonymous_6)
FNDA:0,(anonymous_7)
FNDA:0,(anonymous_8)
FNDA:0,(anonymous_9)
FNDA:0,(anonymous_10)
FNDA:0,(anonymous_11)
FNDA:0,(anonymous_12)
FNDA:0,(anonymous_13)
FNDA:0,(anonymous_14)
FNDA:0,(anonymous_15)
FNDA:1,(anonymous_16)
DA:19,1
DA:20,41
DA:22,41
DA:24,40
DA:26,40
DA:27,40
DA:29,40
DA:32,40
DA:33,11
DA:34,11
DA:35,11
DA:36,1
DA:37,1
DA:40,10
DA:41,10
DA:42,10
DA:44,0
DA:45,0
DA:49,10
DA:52,11
DA:56,40
DA:57,21
DA:58,21
DA:60,10
DA:61,10
DA:62,10
DA:63,10
DA:65,9
DA:67,8
DA:68,8
DA:81,1
DA:84,1
DA:85,1
DA:87,10
DA:91,21
DA:95,40
DA:96,31
DA:104,9
DA:105,2
DA:109,0
DA:127,7
DA:147,0
DA:167,0
DA:184,0
DA:207,0
DA:208,0
DA:223,0
DA:224,0
DA:239,0
DA:240,0
DA:255,0
DA:256,0
DA:290,0
DA:337,1
LF:54
LH:39
BRDA:35,0,0,1
BRDA:35,0,1,10
BRDA:41,1,0,10
BRDA:41,1,1,0
BRDA:58,2,0,11
BRDA:58,2,1,10
BRDA:65,3,0,8
BRDA:65,3,1,1
BRDA:69,4,0,8
BRDA:69,4,1,1
BRDA:70,5,0,8
BRDA:70,5,1,1
BRDA:71,6,0,8
BRDA:71,6,1,0
BRDA:72,7,0,8
BRDA:72,7,1,1
BRDA:73,8,0,8
BRDA:73,8,1,1
BRDA:74,9,0,8
BRDA:74,9,1,8
BRDA:75,10,0,8
BRDA:75,10,1,8
BRDA:76,11,0,8
BRDA:76,11,1,8
BRDA:77,12,0,8
BRDA:77,12,1,8
BRDA:78,13,0,8
BRDA:78,13,1,5
BRDA:95,14,0,31
BRDA:95,14,1,9
BRDA:104,15,0,2
BRDA:104,15,1,7
BRDA:277,16,0,2
BRDA:277,16,1,5
BRDA:311,17,0,5
BRDA:311,17,1,1
BRF:36
BRH:34
end_of_record
TN:
SF:src\pages\Researcher\researcherDashboardLogic.js
FN:21,(anonymous_0)
FN:46,(anonymous_1)
FN:47,(anonymous_2)
FN:59,(anonymous_3)
FN:65,(anonymous_4)
FN:72,(anonymous_5)
FN:76,(anonymous_6)
FN:79,(anonymous_7)
FN:96,(anonymous_8)
FN:102,(anonymous_9)
FN:103,(anonymous_10)
FN:109,(anonymous_11)
FN:117,(anonymous_12)
FN:118,(anonymous_13)
FN:120,(anonymous_14)
FN:128,(anonymous_15)
FN:135,(anonymous_16)
FN:138,(anonymous_17)
FN:143,(anonymous_18)
FN:165,(anonymous_19)
FN:168,(anonymous_20)
FN:172,(anonymous_21)
FN:182,(anonymous_22)
FN:187,(anonymous_23)
FN:195,(anonymous_24)
FN:204,(anonymous_25)
FN:211,(anonymous_26)
FN:222,(anonymous_27)
FN:239,(anonymous_28)
FN:240,(anonymous_29)
FN:241,(anonymous_30)
FN:245,(anonymous_31)
FN:250,(anonymous_32)
FN:257,(anonymous_33)
FN:275,(anonymous_34)
FNF:35
FNH:13
FNDA:11,(anonymous_0)
FNDA:4,(anonymous_1)
FNDA:4,(anonymous_2)
FNDA:11,(anonymous_3)
FNDA:0,(anonymous_4)
FNDA:0,(anonymous_5)
FNDA:11,(anonymous_6)
FNDA:0,(anonymous_7)
FNDA:4,(anonymous_8)
FNDA:0,(anonymous_9)
FNDA:0,(anonymous_10)
FNDA:0,(anonymous_11)
FNDA:0,(anonymous_12)
FNDA:0,(anonymous_13)
FNDA:0,(anonymous_14)
FNDA:0,(anonymous_15)
FNDA:4,(anonymous_16)
FNDA:0,(anonymous_17)
FNDA:0,(anonymous_18)
FNDA:4,(anonymous_19)
FNDA:0,(anonymous_20)
FNDA:0,(anonymous_21)
FNDA:4,(anonymous_22)
FNDA:1,(anonymous_23)
FNDA:0,(anonymous_24)
FNDA:0,(anonymous_25)
FNDA:0,(anonymous_26)
FNDA:0,(anonymous_27)
FNDA:0,(anonymous_28)
FNDA:0,(anonymous_29)
FNDA:0,(anonymous_30)
FNDA:0,(anonymous_31)
FNDA:1,(anonymous_32)
FNDA:1,(anonymous_33)
FNDA:1,(anonymous_34)
DA:21,1
DA:22,11
DA:25,11
DA:26,11
DA:27,11
DA:28,11
DA:29,11
DA:30,11
DA:31,11
DA:32,11
DA:33,11
DA:34,11
DA:35,11
DA:36,11
DA:37,11
DA:38,11
DA:39,11
DA:40,11
DA:41,11
DA:42,11
DA:43,11
DA:46,11
DA:47,4
DA:48,4
DA:49,4
DA:50,4
DA:52,0
DA:55,4
DA:59,11
DA:60,11
DA:61,11
DA:62,11
DA:63,11
DA:65,0
DA:66,0
DA:68,0
DA:69,0
DA:72,0
DA:76,11
DA:77,11
DA:79,0
DA:80,0
DA:81,0
DA:82,0
DA:83,0
DA:84,0
DA:86,0
DA:89,0
DA:92,0
DA:96,11
DA:97,4
DA:99,0
DA:100,0
DA:102,0
DA:103,0
DA:108,0
DA:109,0
DA:112,0
DA:117,0
DA:118,0
DA:119,0
DA:121,0
DA:122,0
DA:125,0
DA:128,0
DA:129,0
DA:130,0
DA:135,11
DA:136,4
DA:138,0
DA:139,0
DA:140,0
DA:141,0
DA:142,0
DA:144,0
DA:145,0
DA:146,0
DA:147,0
DA:152,0
DA:156,0
DA:158,0
DA:161,0
DA:165,11
DA:166,4
DA:168,0
DA:169,0
DA:170,0
DA:171,0
DA:172,0
DA:173,0
DA:175,0
DA:178,0
DA:182,11
DA:183,4
DA:187,11
DA:188,1
DA:189,1
DA:190,1
DA:191,1
DA:194,0
DA:195,0
DA:196,0
DA:197,0
DA:198,0
DA:201,0
DA:202,0
DA:203,0
DA:204,0
DA:205,0
DA:207,0
DA:211,11
DA:212,0
DA:213,0
DA:217,0
DA:222,11
DA:223,0
DA:224,0
DA:226,0
DA:227,0
DA:229,0
DA:230,0
DA:232,0
DA:233,0
DA:234,0
DA:239,11
DA:240,11
DA:241,11
DA:242,0
DA:243,0
DA:245,11
DA:246,0
DA:247,0
DA:248,0
DA:250,11
DA:251,1
DA:252,1
DA:253,1
DA:257,11
DA:258,1
DA:259,1
DA:270,0
DA:275,11
DA:276,1
DA:277,1
DA:278,1
DA:279,1
DA:288,1
DA:289,1
DA:292,0
DA:297,11
LF:150
LH:68
BRDA:61,0,0,11
BRDA:61,0,1,0
BRDA:66,1,0,0
BRDA:66,1,1,0
BRDA:77,2,0,11
BRDA:77,2,1,0
BRDA:82,3,0,0
BRDA:82,3,1,0
BRDA:84,4,0,0
BRDA:84,4,1,0
BRDA:97,5,0,4
BRDA:97,5,1,0
BRDA:106,6,0,0
BRDA:106,6,1,0
BRDA:122,7,0,0
BRDA:122,7,1,0
BRDA:136,8,0,4
BRDA:136,8,1,0
BRDA:136,9,0,4
BRDA:136,9,1,0
BRDA:149,10,0,0
BRDA:149,10,1,0
BRDA:166,11,0,4
BRDA:166,11,1,0
BRDA:166,12,0,4
BRDA:166,12,1,0
BRDA:188,13,0,1
BRDA:188,13,1,0
BRDA:196,14,0,0
BRDA:196,14,1,0
BRDA:197,15,0,0
BRDA:197,15,1,0
BRDA:198,16,0,0
BRDA:198,16,1,0
BRDA:224,17,0,0
BRDA:224,17,1,0
BRDA:224,17,2,0
BRDA:224,17,3,0
BRDA:278,18,0,1
BRDA:278,18,1,0
BRDA:282,19,0,1
BRDA:282,19,1,0
BRF:42
BRH:10
end_of_record
TN:
SF:src\utils\sendMessage.js
FN:6,(anonymous_0)
FNF:1
FNH:0
FNDA:0,(anonymous_0)
DA:6,1
DA:7,0
DA:8,0
DA:13,0
DA:15,0
DA:16,0
DA:21,1
LF:7
LH:2
BRF:0
BRH:0
end_of_record
